Log file open, 05/22/18 16:42:44
LogWindows: Failed to load 'aqProf.dll' (GetLastError=126)
LogWindows: File 'aqProf.dll' does not exist
LogWindows: Failed to load 'VtuneApi.dll' (GetLastError=126)
LogWindows: File 'VtuneApi.dll' does not exist
LogWindows: Failed to load 'VtuneApi32e.dll' (GetLastError=126)
LogWindows: File 'VtuneApi32e.dll' does not exist
LogInit: Display: Running engine for game: Movement
LogPlatformFile: Not using cached read wrapper
LogInit: Display: RandInit(-181858870) SRandInit(-181858870).
LogInit: Read version file with build ID '3709383'
LogInit: Overriding engine version to CL 3794801, compatible CL 3709383
LogInit: Registered custom module enumerator with build ID '3709383'
LogTaskGraph: Started task graph with 5 named threads and 14 total threads with 3 sets of task threads.
LogStats: Stats thread started at 0.214187
LogD3D11RHI: Aftermath initialized
LogModuleManager: Display: Found up-to-date module file ../../../Engine/Plugins/Marketplace/DatasmithCADImporter/Binaries/Win64/UE4Editor-DatasmithCADImporter.dll (API version 3709383).
LogModuleManager: Display: Found up-to-date module file ../../../Engine/Plugins/Marketplace/DatasmithImporter/Binaries/Win64/UE4Editor-DatasmithImporter.dll (API version 3709383).
LogModuleManager: Display: Found up-to-date module file ../../../Engine/Plugins/Marketplace/DatasmithImporter/Binaries/Win64/UE4Editor-DatasmithCore.dll (API version 3709383).
LogModuleManager: Display: Found up-to-date module file ../../../Engine/Plugins/2D/Paper2D/Binaries/Win64/UE4Editor-Paper2D.dll (API version 3709383).
LogModuleManager: Display: Found up-to-date module file ../../../Engine/Plugins/2D/Paper2D/Binaries/Win64/UE4Editor-Paper2DEditor.dll (API version 3709383).
LogModuleManager: Display: Found up-to-date module file ../../../Engine/Plugins/2D/Paper2D/Binaries/Win64/UE4Editor-PaperSpriteSheetImporter.dll (API version 3709383).
LogModuleManager: Display: Found up-to-date module file ../../../Engine/Plugins/2D/Paper2D/Binaries/Win64/UE4Editor-PaperTiledImporter.dll (API version 3709383).
LogModuleManager: Display: Found up-to-date module file ../../../Engine/Plugins/2D/Paper2D/Binaries/Win64/UE4Editor-SmartSnapping.dll (API version 3709383).
LogModuleManager: Display: Found up-to-date module file ../../../Engine/Plugins/Blendables/LightPropagationVolume/Binaries/Win64/UE4Editor-LightPropagationVolumeRuntime.dll (API version 3709383).
LogModuleManager: Display: Found up-to-date module file ../../../Engine/Plugins/Blendables/LightPropagationVolume/Binaries/Win64/UE4Editor-LightPropagationVolumeEditor.dll (API version 3709383).
LogModuleManager: Display: Found up-to-date module file ../../../Engine/Plugins/Developer/GitSourceControl/Binaries/Win64/UE4Editor-GitSourceControl.dll (API version 3709383).
LogModuleManager: Display: Found up-to-date module file ../../../Engine/Plugins/Developer/PerforceSourceControl/Binaries/Win64/UE4Editor-PerforceSourceControl.dll (API version 3709383).
LogModuleManager: Display: Found up-to-date module file ../../../Engine/Plugins/Developer/SubversionSourceControl/Binaries/Win64/UE4Editor-SubversionSourceControl.dll (API version 3709383).
LogModuleManager: Display: Found up-to-date module file ../../../Engine/Plugins/Developer/UObjectPlugin/Binaries/Win64/UE4Editor-UObjectPlugin.dll (API version 3709383).
LogModuleManager: Display: Found up-to-date module file ../../../Engine/Plugins/Developer/VisualStudioCodeSourceCodeAccess/Binaries/Win64/UE4Editor-VisualStudioCodeSourceCodeAccess.dll (API version 3709383).
LogModuleManager: Display: Found up-to-date module file ../../../Engine/Plugins/Developer/VisualStudioSourceCodeAccess/Binaries/Win64/UE4Editor-VisualStudioSourceCodeAccess.dll (API version 3709383).
LogModuleManager: Display: Found up-to-date module file ../../../Engine/Plugins/Editor/AssetManagerEditor/Binaries/Win64/UE4Editor-AssetManagerEditor.dll (API version 3709383).
LogModuleManager: Display: Found up-to-date module file ../../../Engine/Plugins/Editor/AudioCapture/Binaries/Win64/UE4Editor-AudioCapture.dll (API version 3709383).
LogModuleManager: Display: Found up-to-date module file ../../../Engine/Plugins/Editor/FacialAnimation/Binaries/Win64/UE4Editor-FacialAnimation.dll (API version 3709383).
LogModuleManager: Display: Found up-to-date module file ../../../Engine/Plugins/Editor/FacialAnimation/Binaries/Win64/UE4Editor-FacialAnimationEditor.dll (API version 3709383).
LogModuleManager: Display: Found up-to-date module file ../../../Engine/Plugins/Editor/GameplayTagsEditor/Binaries/Win64/UE4Editor-GameplayTagsEditor.dll (API version 3709383).
LogModuleManager: Display: Found up-to-date module file ../../../Engine/Plugins/Editor/MobileLauncherProfileWizard/Binaries/Win64/UE4Editor-MobileLauncherProfileWizard.dll (API version 3709383).
LogModuleManager: Display: Found up-to-date module file ../../../Engine/Plugins/Editor/PluginBrowser/Binaries/Win64/UE4Editor-PluginBrowser.dll (API version 3709383).
LogModuleManager: Display: Found up-to-date module file ../../../Engine/Plugins/Editor/SpeedTreeImporter/Binaries/Win64/UE4Editor-SpeedTreeImporter.dll (API version 3709383).
LogModuleManager: Display: Found up-to-date module file ../../../Engine/Plugins/Experimental/AlembicImporter/Binaries/Win64/UE4Editor-AlembicImporter.dll (API version 3709383).
LogModuleManager: Display: Found up-to-date module file ../../../Engine/Plugins/Experimental/AlembicImporter/Binaries/Win64/UE4Editor-AlembicLibrary.dll (API version 3709383).
LogModuleManager: Display: Found up-to-date module file ../../../Engine/Plugins/Experimental/CharacterAI/Binaries/Win64/UE4Editor-CharacterAI.dll (API version 3709383).
LogModuleManager: Display: Found up-to-date module file ../../../Engine/Plugins/Experimental/HTML5Networking/Binaries/Win64/UE4Editor-HTML5Networking.dll (API version 3709383).
LogModuleManager: Display: Found up-to-date module file ../../../Engine/Plugins/Media/AndroidMedia/Binaries/Win64/UE4Editor-AndroidMediaEditor.dll (API version 3709383).
LogModuleManager: Display: Found up-to-date module file ../../../Engine/Plugins/Media/AndroidMedia/Binaries/Win64/UE4Editor-AndroidMediaFactory.dll (API version 3709383).
LogModuleManager: Display: Found up-to-date module file ../../../Engine/Plugins/Media/AvfMedia/Binaries/Win64/UE4Editor-AvfMediaEditor.dll (API version 3709383).
LogModuleManager: Display: Found up-to-date module file ../../../Engine/Plugins/Media/AvfMedia/Binaries/Win64/UE4Editor-AvfMediaFactory.dll (API version 3709383).
LogModuleManager: Display: Found up-to-date module file ../../../Engine/Plugins/Media/AvfMedia/Binaries/Win64/UE4Editor-AvfMediaFactory.dll (API version 3709383).
LogModuleManager: Display: Found up-to-date module file ../../../Engine/Plugins/Media/ImgMedia/Binaries/Win64/UE4Editor-ImgMedia.dll (API version 3709383).
LogModuleManager: Display: Found up-to-date module file ../../../Engine/Plugins/Media/ImgMedia/Binaries/Win64/UE4Editor-ImgMediaEditor.dll (API version 3709383).
LogModuleManager: Display: Found up-to-date module file ../../../Engine/Plugins/Media/ImgMedia/Binaries/Win64/UE4Editor-ImgMediaFactory.dll (API version 3709383).
LogModuleManager: Display: Found up-to-date module file ../../../Engine/Plugins/Media/ImgMedia/Binaries/Win64/UE4Editor-ImgMediaFactory.dll (API version 3709383).
LogModuleManager: Display: Found up-to-date module file ../../../Engine/Plugins/Media/ImgMedia/Binaries/Win64/UE4Editor-OpenExrWrapper.dll (API version 3709383).
LogModuleManager: Display: Found up-to-date module file ../../../Engine/Plugins/Media/MediaCompositing/Binaries/Win64/UE4Editor-MediaCompositing.dll (API version 3709383).
LogModuleManager: Display: Found up-to-date module file ../../../Engine/Plugins/Media/MediaCompositing/Binaries/Win64/UE4Editor-MediaCompositingEditor.dll (API version 3709383).
LogModuleManager: Display: Found up-to-date module file ../../../Engine/Plugins/Media/MediaPlayerEditor/Binaries/Win64/UE4Editor-MediaPlayerEditor.dll (API version 3709383).
LogModuleManager: Display: Found up-to-date module file ../../../Engine/Plugins/Media/WmfMedia/Binaries/Win64/UE4Editor-WmfMedia.dll (API version 3709383).
LogModuleManager: Display: Found up-to-date module file ../../../Engine/Plugins/Media/WmfMedia/Binaries/Win64/UE4Editor-WmfMediaEditor.dll (API version 3709383).
LogModuleManager: Display: Found up-to-date module file ../../../Engine/Plugins/Media/WmfMedia/Binaries/Win64/UE4Editor-WmfMediaFactory.dll (API version 3709383).
LogModuleManager: Display: Found up-to-date module file ../../../Engine/Plugins/Media/WmfMedia/Binaries/Win64/UE4Editor-WmfMediaFactory.dll (API version 3709383).
LogModuleManager: Display: Found up-to-date module file ../../../Engine/Plugins/Messaging/TcpMessaging/Binaries/Win64/UE4Editor-TcpMessaging.dll (API version 3709383).
LogModuleManager: Display: Found up-to-date module file ../../../Engine/Plugins/Messaging/UdpMessaging/Binaries/Win64/UE4Editor-UdpMessaging.dll (API version 3709383).
LogModuleManager: Display: Found up-to-date module file ../../../Engine/Plugins/MovieScene/ActorSequence/Binaries/Win64/UE4Editor-ActorSequence.dll (API version 3709383).
LogModuleManager: Display: Found up-to-date module file ../../../Engine/Plugins/MovieScene/LevelSequenceEditor/Binaries/Win64/UE4Editor-LevelSequenceEditor.dll (API version 3709383).
LogModuleManager: Display: Found up-to-date module file ../../../Engine/Plugins/MovieScene/MatineeToLevelSequence/Binaries/Win64/UE4Editor-MatineeToLevelSequence.dll (API version 3709383).
LogModuleManager: Display: Found up-to-date module file ../../../Engine/Plugins/Online/OnlineSubsystem/Binaries/Win64/UE4Editor-OnlineSubsystem.dll (API version 3709383).
LogModuleManager: Display: Found up-to-date module file ../../../Engine/Plugins/Runtime/AndroidPermission/Binaries/Win64/UE4Editor-AndroidPermission.dll (API version 3709383).
LogModuleManager: Display: Found up-to-date module file ../../../Engine/Plugins/Online/OnlineSubsystemNull/Binaries/Win64/UE4Editor-OnlineSubsystemNull.dll (API version 3709383).
LogModuleManager: Display: Found up-to-date module file ../../../Engine/Plugins/Online/OnlineSubsystemUtils/Binaries/Win64/UE4Editor-OnlineSubsystemUtils.dll (API version 3709383).
LogModuleManager: Display: Found up-to-date module file ../../../Engine/Plugins/Online/OnlineSubsystemUtils/Binaries/Win64/UE4Editor-OnlineBlueprintSupport.dll (API version 3709383).
LogModuleManager: Display: Found up-to-date module file ../../../Engine/Plugins/Runtime/AndroidDeviceProfileSelector/Binaries/Win64/UE4Editor-AndroidDeviceProfileSelector.dll (API version 3709383).
LogModuleManager: Display: Found up-to-date module file ../../../Engine/Plugins/Runtime/AppleARKit/Binaries/Win64/UE4Editor-AppleARKit.dll (API version 3709383).
LogModuleManager: Display: Found up-to-date module file ../../../Engine/Plugins/Runtime/ArchVisCharacter/Binaries/Win64/UE4Editor-ArchVisCharacter.dll (API version 3709383).
LogModuleManager: Display: Found up-to-date module file ../../../Engine/Plugins/Runtime/CableComponent/Binaries/Win64/UE4Editor-CableComponent.dll (API version 3709383).
LogModuleManager: Display: Found up-to-date module file ../../../Engine/Plugins/Runtime/CustomMeshComponent/Binaries/Win64/UE4Editor-CustomMeshComponent.dll (API version 3709383).
LogModuleManager: Display: Found up-to-date module file ../../../Engine/Plugins/Runtime/ExampleDeviceProfileSelector/Binaries/Win64/UE4Editor-ExampleDeviceProfileSelector.dll (API version 3709383).
LogModuleManager: Display: Found up-to-date module file ../../../Engine/Plugins/Runtime/ImmediatePhysics/Binaries/Win64/UE4Editor-ImmediatePhysics.dll (API version 3709383).
LogModuleManager: Display: Found up-to-date module file ../../../Engine/Plugins/Runtime/ImmediatePhysics/Binaries/Win64/UE4Editor-ImmediatePhysicsEditor.dll (API version 3709383).
LogModuleManager: Display: Found up-to-date module file ../../../Engine/Plugins/Runtime/LocationServicesBPLibrary/Binaries/Win64/UE4Editor-LocationServicesBPLibrary.dll (API version 3709383).
LogModuleManager: Display: Found up-to-date module file ../../../Engine/Plugins/Runtime/MobilePatchingUtils/Binaries/Win64/UE4Editor-MobilePatchingUtils.dll (API version 3709383).
LogModuleManager: Display: Found up-to-date module file ../../../Engine/Plugins/Runtime/Oculus/OculusVR/Binaries/Win64/UE4Editor-OculusHMD.dll (API version 3709383).
LogModuleManager: Display: Found up-to-date module file ../../../Engine/Plugins/Runtime/Oculus/OculusVR/Binaries/Win64/UE4Editor-OculusInput.dll (API version 3709383).
LogModuleManager: Display: Found up-to-date module file ../../../Engine/Plugins/Runtime/Oculus/OculusVR/Binaries/Win64/UE4Editor-OculusEditor.dll (API version 3709383).
LogModuleManager: Display: Found up-to-date module file ../../../Engine/Plugins/Runtime/PhysXVehicles/Binaries/Win64/UE4Editor-PhysXVehicles.dll (API version 3709383).
LogModuleManager: Display: Found up-to-date module file ../../../Engine/Plugins/Runtime/PhysXVehicles/Binaries/Win64/UE4Editor-PhysXVehiclesEditor.dll (API version 3709383).
LogModuleManager: Display: Found up-to-date module file ../../../Engine/Plugins/Runtime/ProceduralMeshComponent/Binaries/Win64/UE4Editor-ProceduralMeshComponent.dll (API version 3709383).
LogModuleManager: Display: Found up-to-date module file ../../../Engine/Plugins/Runtime/ProceduralMeshComponent/Binaries/Win64/UE4Editor-ProceduralMeshComponentEditor.dll (API version 3709383).
LogModuleManager: Display: Found up-to-date module file ../../../Engine/Plugins/Runtime/RuntimePhysXCooking/Binaries/Win64/UE4Editor-RuntimePhysXCooking.dll (API version 3709383).
LogModuleManager: Display: Found up-to-date module file ../../../Engine/Plugins/Runtime/Steam/SteamVR/Binaries/Win64/UE4Editor-SteamVR.dll (API version 3709383).
LogModuleManager: Display: Found up-to-date module file ../../../Engine/Plugins/Runtime/Steam/SteamVR/Binaries/Win64/UE4Editor-SteamVRController.dll (API version 3709383).
LogModuleManager: Display: Found up-to-date module file ../../../Engine/Plugins/Runtime/WindowsMoviePlayer/Binaries/Win64/UE4Editor-WindowsMoviePlayer.dll (API version 3709383).
LogPluginManager: Mounting plugin Paper2D
LogPluginManager: Mounting plugin LightPropagationVolume
LogPluginManager: Mounting plugin CodeLiteSourceCodeAccess
LogPluginManager: Mounting plugin GitSourceControl
LogPluginManager: Mounting plugin KDevelopSourceCodeAccess
LogPluginManager: Mounting plugin NullSourceCodeAccess
LogPluginManager: Mounting plugin PerforceSourceControl
LogPluginManager: Mounting plugin SubversionSourceControl
LogPluginManager: Mounting plugin UObjectPlugin
LogPluginManager: Mounting plugin VisualStudioCodeSourceCodeAccess
LogPluginManager: Mounting plugin VisualStudioSourceCodeAccess
LogPluginManager: Mounting plugin XCodeSourceCodeAccess
LogPluginManager: Mounting plugin AssetManagerEditor
LogPluginManager: Mounting plugin AudioCapture
LogPluginManager: Mounting plugin FacialAnimation
LogPluginManager: Mounting plugin GameplayTagsEditor
LogPluginManager: Mounting plugin MobileLauncherProfileWizard
LogPluginManager: Mounting plugin PluginBrowser
LogPluginManager: Mounting plugin SpeedTreeImporter
LogPluginManager: Mounting plugin AlembicImporter
LogPluginManager: Mounting plugin CharacterAI
LogPluginManager: Mounting plugin HTML5Networking
LogPluginManager: Mounting plugin DatasmithCADImporter
LogPluginManager: Mounting plugin DatasmithImporter
LogPluginManager: Mounting plugin AndroidMedia
LogPluginManager: Mounting plugin AvfMedia
LogPluginManager: Mounting plugin ImgMedia
LogPluginManager: Mounting plugin MediaCompositing
LogPluginManager: Mounting plugin MediaPlayerEditor
LogPluginManager: Mounting plugin WmfMedia
LogPluginManager: Mounting plugin TcpMessaging
LogPluginManager: Mounting plugin UdpMessaging
LogPluginManager: Mounting plugin ActorSequence
LogPluginManager: Mounting plugin LevelSequenceEditor
LogPluginManager: Mounting plugin MatineeToLevelSequence
LogPluginManager: Mounting plugin OnlineSubsystemGooglePlay
LogPluginManager: Mounting plugin OnlineSubsystemIOS
LogPluginManager: Mounting plugin OnlineSubsystem
LogPluginManager: Mounting plugin OnlineSubsystemNull
LogPluginManager: Mounting plugin OnlineSubsystemUtils
LogPluginManager: Mounting plugin AndroidDeviceProfileSelector
LogPluginManager: Mounting plugin AndroidMoviePlayer
LogPluginManager: Mounting plugin AndroidPermission
LogPluginManager: Mounting plugin AppleARKit
LogPluginManager: Mounting plugin AppleMoviePlayer
LogPluginManager: Mounting plugin ArchVisCharacter
LogPluginManager: Mounting plugin CableComponent
LogPluginManager: Mounting plugin CustomMeshComponent
LogPluginManager: Mounting plugin ExampleDeviceProfileSelector
LogPluginManager: Mounting plugin GoogleCloudMessaging
LogPluginManager: Mounting plugin ImmediatePhysics
LogPluginManager: Mounting plugin IOSDeviceProfileSelector
LogPluginManager: Mounting plugin LinuxDeviceProfileSelector
LogPluginManager: Mounting plugin LocationServicesBPLibrary
LogPluginManager: Mounting plugin MobilePatchingUtils
LogPluginManager: Mounting plugin OculusVR
LogPluginManager: Plugin shader directory ../../../Engine/Plugins/Runtime/Oculus/OculusVR/Shaders found
LogPluginManager: Mapping shader source directory ../../../Engine/Plugins/Runtime/Oculus/OculusVR/Shaders to virtual directory /Plugin/OculusVR
LogPluginManager: Mounting plugin PhysXVehicles
LogPluginManager: Mounting plugin ProceduralMeshComponent
LogPluginManager: Mounting plugin RuntimePhysXCooking
LogPluginManager: Mounting plugin SteamVR
LogPluginManager: Mounting plugin WindowsMoviePlayer
LogInit: Using libcurl 7.47.1
LogInit:  - built for x86_64-pc-win32
LogInit:  - supports SSL with OpenSSL/1.0.2g
LogInit:  - supports HTTP deflate (compression) using libz 1.2.8
LogInit:  - other features:
LogInit:      CURL_VERSION_SSL
LogInit:      CURL_VERSION_LIBZ
LogInit:      CURL_VERSION_IPV6
LogInit:      CURL_VERSION_ASYNCHDNS
LogInit:      CURL_VERSION_LARGEFILE
LogInit:      CURL_VERSION_IDN
LogInit:  CurlRequestOptions (configurable via config and command line):
LogInit:  - bVerifyPeer = false  - Libcurl will NOT verify peer certificate
LogInit:  - bUseHttpProxy = false  - Libcurl will NOT use HTTP proxy
LogInit:  - bDontReuseConnections = false  - Libcurl will reuse connections
LogInit:  - CertBundlePath = nullptr  - Libcurl will use whatever was configured at build time.
LogInit: Build: ++UE4+Release-4.18-CL-3794801
LogInit: Engine Version: 4.18.2-3794801+++UE4+Release-4.18
LogInit: Compatible Engine Version: 4.18.0-3709383+++UE4+Release-4.18
LogInit: Net CL: 3709383
LogDevObjectVersion: Number of dev versions registered: 16
LogDevObjectVersion:   Dev-Blueprints (B0D832E4-1F89-4F0D-ACCF-7EB736FD4AA2): 10
LogDevObjectVersion:   Dev-Build (E1C64328-A22C-4D53-A36C-8E866417BD8C): 0
LogDevObjectVersion:   Dev-Core (375EC13C-06E4-48FB-B500-84F0262A717E): 2
LogDevObjectVersion:   Dev-Editor (E4B068ED-F494-42E9-A231-DA0B2E46BB41): 20
LogDevObjectVersion:   Dev-Framework (CFFC743F-43B0-4480-9391-14DF171D2073): 30
LogDevObjectVersion:   Dev-Mobile (B02B49B5-BB20-44E9-A304-32B752E40360): 0
LogDevObjectVersion:   Dev-Networking (A4E4105C-59A1-49B5-A7C5-40C4547EDFEE): 0
LogDevObjectVersion:   Dev-Online (39C831C9-5AE6-47DC-9A44-9C173E1C8E7C): 0
LogDevObjectVersion:   Dev-Physics (78F01B33-EBEA-4F98-B9B4-84EACCB95AA2): 0
LogDevObjectVersion:   Dev-Platform (6631380F-2D4D-43E0-8009-CF276956A95A): 0
LogDevObjectVersion:   Dev-Rendering (12F88B9F-8875-4AFC-A67C-D90C383ABD29): 20
LogDevObjectVersion:   Dev-Sequencer (7B5AE74C-D270-4C10-A958-57980B212A5A): 4
LogDevObjectVersion:   Dev-VR (D7296918-1DD6-4BDD-9DE2-64A83CC13884): 0
LogDevObjectVersion:   Dev-LoadTimes (C2A15278-BFE7-4AFE-6C17-90FF531DF755): 1
LogDevObjectVersion:   Private-Geometry (6EACA3D4-40EC-4CC1-B786-8BED09428FC5): 1
LogDevObjectVersion:   Dev-AnimPhys (29E575DD-E0A3-4627-9D10-D276232CDCEA): 12
LogInit: Compiled (64-bit): Dec  8 2017 02:04:53
LogInit: Compiled with Visual C++: 19.00.24215.01
LogInit: Build Configuration: Development
LogInit: Branch Name: ++UE4+Release-4.18
LogInit: Command line: 
LogInit: Base directory: C:/Program Files/Epic Games/UE_4.18/Engine/Binaries/Win64/
LogInit: Installed Engine Build: 1
LogInit: Presizing for max 8388607 objects, including 0 objects not considered by GC, pre-allocating 0 bytes for permanent pool.
LogInit: Object subsystem initialized
[2018.05.22-14.42.48:466][  0]LogInit: Selected Device Profile: [Windows]
[2018.05.22-14.42.48:466][  0]LogInit: Applying CVar settings loaded from the selected device profile: [Windows]
[2018.05.22-14.42.48:554][  0]LogInit: Computer: KITN-K4507-11
[2018.05.22-14.42.48:554][  0]LogInit: User: frejo851
[2018.05.22-14.42.48:554][  0]LogInit: CPU Page size=4096, Cores=4
[2018.05.22-14.42.48:554][  0]LogInit: High frequency timer resolution =3.604931 MHz
[2018.05.22-14.42.48:554][  0]LogMemory: Memory total: Physical=31.9GB (32GB approx)
[2018.05.22-14.42.48:554][  0]LogMemory: Platform Memory Stats for Windows
[2018.05.22-14.42.48:554][  0]LogMemory: Process Physical Memory: 273.51 MB used, 273.51 MB peak
[2018.05.22-14.42.48:554][  0]LogMemory: Process Virtual Memory: 269.98 MB used, 269.98 MB peak
[2018.05.22-14.42.48:554][  0]LogMemory: Physical Memory: 6353.42 MB used,  26330.76 MB free, 32684.18 MB total
[2018.05.22-14.42.48:554][  0]LogMemory: Virtual Memory: 677.68 MB used,  26330.76 MB free, 134217728.00 MB total
[2018.05.22-14.42.48:775][  0]LogInit: Using OS detected language (en-US).
[2018.05.22-14.42.48:775][  0]LogInit: Using OS detected locale (en-US).
[2018.05.22-14.42.48:779][  0]LogTextLocalizationManager: No specific localization for 'en-US' exists, so the 'en' localization will be used.
[2018.05.22-14.42.49:131][  0]LogInit: Setting process to per monitor DPI aware
[2018.05.22-14.42.49:446][  0]LogD3D11RHI: D3D11 adapters:
[2018.05.22-14.42.49:501][  0]LogD3D11RHI:    0. 'NVIDIA GeForce GTX 1070' (Feature Level 11_0)
[2018.05.22-14.42.49:501][  0]LogD3D11RHI:       8096/0/16342 MB DedicatedVideo/DedicatedSystem/SharedSystem, Outputs:1, VendorId:0x10de
[2018.05.22-14.42.49:506][  0]LogD3D11RHI:    1. 'Microsoft Basic Render Driver' (Feature Level 11_0)
[2018.05.22-14.42.49:506][  0]LogD3D11RHI:       0/0/16342 MB DedicatedVideo/DedicatedSystem/SharedSystem, Outputs:0, VendorId:0x1414
[2018.05.22-14.42.49:506][  0]LogD3D11RHI: Chosen D3D11 Adapter: 0
[2018.05.22-14.42.49:513][  0]LogD3D11RHI: Creating new Direct3DDevice
[2018.05.22-14.42.49:513][  0]LogD3D11RHI:     GPU DeviceId: 0x1b81 (for the marketing name, search the web for "GPU Device Id")
[2018.05.22-14.42.49:513][  0]LogWindows: EnumDisplayDevices:
[2018.05.22-14.42.49:513][  0]LogWindows:    0. 'NVIDIA GeForce GTX 1070' (P:1 D:1)
[2018.05.22-14.42.49:513][  0]LogWindows:    1. 'NVIDIA GeForce GTX 1070' (P:0 D:0)
[2018.05.22-14.42.49:513][  0]LogWindows:    2. 'NVIDIA GeForce GTX 1070' (P:0 D:0)
[2018.05.22-14.42.49:513][  0]LogWindows:    3. 'NVIDIA GeForce GTX 1070' (P:0 D:0)
[2018.05.22-14.42.49:513][  0]LogWindows: DebugString: GetVideoDriverDetailsInvalid PrimaryIsNotTheChoosenAdapter GetVideoDriverDetailsInvalid PrimaryIsNotTheChoosenAdapter GetVideoDriverDetailsInvalid PrimaryIsNotTheChoosenAdapter GetVideoDriverDetailsInvalid PrimaryIsNotTheChoosenAdapter FoundDriverCount:0 
[2018.05.22-14.42.49:513][  0]LogD3D11RHI:     Adapter Name: NVIDIA GeForce GTX 1070
[2018.05.22-14.42.49:513][  0]LogD3D11RHI:   Driver Version: Unknown (internal:Unknown, unified:Unknown)
[2018.05.22-14.42.49:513][  0]LogD3D11RHI:      Driver Date: Unknown
[2018.05.22-14.42.49:513][  0]LogRHI: Texture pool is 5667 MB (70% of 8096 MB)
[2018.05.22-14.42.49:542][  0]LogD3D11RHI: Async texture creation enabled
[2018.05.22-14.42.49:555][  0]LogD3D11RHI: GPU Timing Frequency: 1000.000000 (Debug: 2 1)
[2018.05.22-14.42.49:597][  0]LogShaderCompilers: Guid format shader working directory is 24 characters bigger than the processId version (H:/3Dmaze/Mazehere/mazegame/Intermediate/Shaders/WorkingDirectory/12928/).
[2018.05.22-14.42.49:597][  0]LogShaderCompilers: Cleaned the shader compiler working directory 'C:/Users/TEMP.AD.001/AppData/Local/Temp/UnrealShaderWorkingDir/9A8D42124760759B530A039BDFF41418/'.
[2018.05.22-14.42.49:597][  0]LogShaderCompilers: Display: Using Local Shader Compiler.
[2018.05.22-14.42.50:747][  0]LogTemp: Display: Loaded TP AllDesktopTargetPlatform
[2018.05.22-14.42.50:832][  0]LogTemp: Display: Loaded TP MacClientTargetPlatform
[2018.05.22-14.42.50:909][  0]LogTemp: Display: Loaded TP MacNoEditorTargetPlatform
[2018.05.22-14.42.50:985][  0]LogTemp: Display: Loaded TP MacServerTargetPlatform
[2018.05.22-14.42.51:062][  0]LogTemp: Display: Loaded TP MacTargetPlatform
[2018.05.22-14.42.51:148][  0]LogTemp: Display: Loaded TP WindowsClientTargetPlatform
[2018.05.22-14.42.51:229][  0]LogTemp: Display: Loaded TP WindowsNoEditorTargetPlatform
[2018.05.22-14.42.51:311][  0]LogTemp: Display: Loaded TP WindowsServerTargetPlatform
[2018.05.22-14.42.51:382][  0]LogTemp: Display: Loaded TP WindowsTargetPlatform
[2018.05.22-14.42.51:457][  0]LogTemp: Display: Loaded TP Android_ASTCTargetPlatform
[2018.05.22-14.42.51:531][  0]LogTemp: Display: Loaded TP Android_ATCTargetPlatform
[2018.05.22-14.42.51:609][  0]LogTemp: Display: Loaded TP Android_DXTTargetPlatform
[2018.05.22-14.42.51:684][  0]LogTemp: Display: Loaded TP Android_ETC1TargetPlatform
[2018.05.22-14.42.51:763][  0]LogTemp: Display: Loaded TP Android_ETC2TargetPlatform
[2018.05.22-14.42.51:913][  0]LogTemp: Display: Loaded TP Android_MultiTargetPlatform
[2018.05.22-14.42.51:913][  0]LogTemp: Display: Loaded TP Android_PVRTCTargetPlatform
[2018.05.22-14.42.51:994][  0]LogTemp: Display: Loaded TP AndroidTargetPlatform
[2018.05.22-14.42.52:053][  0]LogTemp: Display: Loaded TP HTML5TargetPlatform
[2018.05.22-14.42.52:179][  0]LogTemp: Display: Loaded TP IOSTargetPlatform
[2018.05.22-14.42.52:238][  0]LogTemp: Display: Loaded TP TVOSTargetPlatform
[2018.05.22-14.42.52:333][  0]LogTemp: Display: Loaded TP LinuxClientTargetPlatform
[2018.05.22-14.42.52:417][  0]LogTemp: Display: Loaded TP LinuxNoEditorTargetPlatform
[2018.05.22-14.42.52:496][  0]LogTemp: Display: Loaded TP LinuxServerTargetPlatform
[2018.05.22-14.42.52:573][  0]LogTemp: Display: Loaded TP LinuxTargetPlatform
[2018.05.22-14.42.52:573][  0]LogTargetPlatformManager: Display: Building Assets For Windows
[2018.05.22-14.42.53:355][  0]LogDerivedDataCache: Display: Max Cache Size: 512 MB
[2018.05.22-14.42.53:425][  0]LogDerivedDataCache: Loaded boot cache 0.07s 69MB C:/Users/TEMP.AD.001/AppData/Local/UnrealEngine/4.18/DerivedDataCache/Boot.ddc.
[2018.05.22-14.42.53:425][  0]LogDerivedDataCache: Display: Loaded Boot cache: C:/Users/TEMP.AD.001/AppData/Local/UnrealEngine/4.18/DerivedDataCache/Boot.ddc
[2018.05.22-14.42.53:427][  0]LogDerivedDataCache: FDerivedDataBackendGraph:  Pak pak cache file H:/3Dmaze/Mazehere/mazegame/DerivedDataCache/DDC.ddp not found, will not use a pak cache.
[2018.05.22-14.42.53:427][  0]LogDerivedDataCache: Unable to find inner node Pak for hierarchical cache Hierarchy.
[2018.05.22-14.42.53:428][  0]LogDerivedDataCache: FDerivedDataBackendGraph:  CompressedPak pak cache file H:/3Dmaze/Mazehere/mazegame/DerivedDataCache/Compressed.ddp not found, will not use a pak cache.
[2018.05.22-14.42.53:428][  0]LogDerivedDataCache: Unable to find inner node CompressedPak for hierarchical cache Hierarchy.
[2018.05.22-14.42.53:443][  0]LogDerivedDataCache: Display: Pak cache opened for reading ../../../Engine/DerivedDataCache/Compressed.ddp.
[2018.05.22-14.42.53:455][  0]LogDerivedDataCache: Using Local data cache path C:/Users/TEMP.AD.001/AppData/Local/UnrealEngine/Common/DerivedDataCache: Writable
[2018.05.22-14.42.53:464][  0]LogMaterial: Verifying Global Shaders for PCD3D_SM5
[2018.05.22-14.42.53:465][  0]LogSlate: Using Freetype 2.6.0
[2018.05.22-14.42.53:465][  0]LogSlate: SlateFontCache - WITH_FREETYPE: 1, WITH_HARFBUZZ: 1
[2018.05.22-14.42.53:465][  0]LogSlate: SlateFontCache - WITH_FREETYPE: 1, WITH_HARFBUZZ: 1
[2018.05.22-14.42.53:885][  0]LogInit: Selected Device Profile: [Windows]
[2018.05.22-14.42.54:349][  0]LogSimplygon: Simplygon DLL not present - disabling.
[2018.05.22-14.42.54:411][  0]LogMeshReduction: Using SimplygonSwarm for distributed automatic mesh merging
[2018.05.22-14.42.54:411][  0]LogMeshReduction: Using QuadricMeshReduction for automatic static mesh reduction
[2018.05.22-14.42.54:411][  0]LogMeshReduction: No automatic skeletal mesh reduction module available
[2018.05.22-14.42.54:411][  0]LogMeshReduction: No automatic mesh merging module available
[2018.05.22-14.42.54:411][  0]LogMeshMerging: No automatic mesh merging module available
[2018.05.22-14.42.54:439][  0]LogNetVersion: Movement , NetCL: 3709383, EngineNetVer: 2, GameNetVer: 0 (Checksum: 1157801380)
[2018.05.22-14.42.54:618][  0]LogAssetRegistry: FAssetRegistry took 0.0295 seconds to start up
[2018.05.22-14.42.57:256][  0]LogPackageLocalizationCache: Processed 8 localized package path(s) for 2 prioritized culture(s) in 1.970376 seconds
[2018.05.22-14.42.57:263][  0]LogUObjectArray: 35900 objects as part of root set at end of initial load.
[2018.05.22-14.42.57:263][  0]LogUObjectAllocator: 7372024 out of 0 bytes used by permanent object pool.
[2018.05.22-14.42.57:263][  0]LogUObjectArray: CloseDisregardForGC: 0/0 objects in disregard for GC pool
[2018.05.22-14.42.57:361][  0]LogInit: WinSock: version 1.1 (2.2), MaxSocks=32767, MaxUdp=65467
[2018.05.22-14.42.59:370][  0]LogMaterial: Missing cached shader map for material ArrowMaterial, compiling. 
[2018.05.22-14.43.02:003][  0]LogTcpMessaging: Initializing TcpMessaging bridge
[2018.05.22-14.43.02:096][  0]LogUdpMessaging: Initializing bridge on interface 0.0.0.0:0 to multicast group 230.0.0.1:6666.
[2018.05.22-14.43.02:101][  0]LogDirectoryWatcher: A directory notification failed for 'H:/3Dmaze/Mazehere/mazegame/Content/' because it was empty or there was a buffer overflow. Attemping another request...
[2018.05.22-14.43.02:869][  0]LogMaterial: Missing cached shader map for material DefaultMaterial, compiling. 
[2018.05.22-14.43.04:030][  0]LogMaterial: Missing cached shader map for material BaseColor, compiling. 
[2018.05.22-14.43.04:048][  0]LogMaterial: Missing cached shader map for material CustomDepth, compiling. 
[2018.05.22-14.43.04:089][  0]LogMaterial: Uniform references updated for custom material expression Custom.
[2018.05.22-14.43.04:093][  0]LogMaterial: Missing cached shader map for material CustomStencil, compiling. 
[2018.05.22-14.43.04:111][  0]LogMaterial: Missing cached shader map for material FinalImage, compiling. 
[2018.05.22-14.43.04:127][  0]LogMaterial: Missing cached shader map for material LightingModel, compiling. 
[2018.05.22-14.43.04:143][  0]LogMaterial: Missing cached shader map for material MaterialAO, compiling. 
[2018.05.22-14.43.04:159][  0]LogMaterial: Missing cached shader map for material Metallic, compiling. 
[2018.05.22-14.43.04:179][  0]LogMaterial: Missing cached shader map for material Opacity, compiling. 
[2018.05.22-14.43.04:194][  0]LogMaterial: Missing cached shader map for material Roughness, compiling. 
[2018.05.22-14.43.04:213][  0]LogMaterial: Missing cached shader map for material SceneColor, compiling. 
[2018.05.22-14.43.04:232][  0]LogMaterial: Missing cached shader map for material SceneDepth, compiling. 
[2018.05.22-14.43.04:247][  0]LogMaterial: Missing cached shader map for material SeparateTranslucencyRGB, compiling. 
[2018.05.22-14.43.04:264][  0]LogMaterial: Missing cached shader map for material SeparateTranslucencyA, compiling. 
[2018.05.22-14.43.04:279][  0]LogMaterial: Missing cached shader map for material Specular, compiling. 
[2018.05.22-14.43.04:295][  0]LogMaterial: Missing cached shader map for material SubsurfaceColor, compiling. 
[2018.05.22-14.43.04:314][  0]LogMaterial: Missing cached shader map for material WorldNormal, compiling. 
[2018.05.22-14.43.04:332][  0]LogMaterial: Missing cached shader map for material AmbientOcclusion, compiling. 
[2018.05.22-14.43.04:359][  0]LogMaterial: Missing cached shader map for material CustomDepthWorldUnits, compiling. 
[2018.05.22-14.43.04:380][  0]LogMaterial: Missing cached shader map for material SceneDepthWorldUnits, compiling. 
[2018.05.22-14.43.04:403][  0]LogMaterial: Missing cached shader map for material PreTonemapHDRColor, compiling. 
[2018.05.22-14.43.04:423][  0]LogMaterial: Missing cached shader map for material PostTonemapHDRColor, compiling. 
[2018.05.22-14.43.05:505][  0]SourceControl: Source control is disabled
[2018.05.22-14.43.05:506][  0]SourceControl: Source control is disabled
[2018.05.22-14.43.05:660][  0]SourceControl: Source control is disabled
[2018.05.22-14.43.05:808][  0]SourceControl: Source control is disabled
[2018.05.22-14.43.07:699][  0]LogMaterial: Missing cached shader map for material CE_OpaqueMaster, compiling. 
[2018.05.22-14.43.07:745][  0]LogMaterial: Missing cached shader map for material CE_OpacityMaster, compiling. 
[2018.05.22-14.43.07:805][  0]LogMaterial: Missing cached shader map for material CE_OpacitySimpleMaster, compiling. 
[2018.05.22-14.43.07:909][  0]LogMaterial: Missing cached shader map for material CI_OpaqueMaster, compiling. 
[2018.05.22-14.43.07:959][  0]LogMaterial: Missing cached shader map for material CI_TransparentMaster, compiling. 
[2018.05.22-14.43.09:077][  0]LogAndroidPermission: UAndroidPermissionCallbackProxy::GetInstance
[2018.05.22-14.43.09:822][  0]LogOcInput: OculusInput pre-init called
[2018.05.22-14.43.10:587][  0]LogEngine: Initializing Engine...
[2018.05.22-14.43.10:591][  0]LogHMD: Failed to initialize OpenVR with code 110
[2018.05.22-14.43.10:599][  0]LogMaterial: Missing cached shader map for material WireframeMaterial, compiling. Is special engine material.
[2018.05.22-14.43.10:971][  0]LogMaterial: Missing cached shader map for material LevelColorationLitMaterial, compiling. Is special engine material.
[2018.05.22-14.43.11:941][  0]LogMaterial: Missing cached shader map for material LevelColorationUnlitMaterial, compiling. Is special engine material.
[2018.05.22-14.43.12:228][  0]LogMaterial: Missing cached shader map for material MAT_LevelColorationLitLightmapUV, compiling. Is special engine material.
[2018.05.22-14.43.13:180][  0]LogMaterial: Missing cached shader map for material ShadedLevelColorationLitMaterial, compiling. Is special engine material.
[2018.05.22-14.43.14:130][  0]LogMaterial: Missing cached shader map for material ShadedLevelColorationUnlitMateri, compiling. Is special engine material.
[2018.05.22-14.43.14:418][  0]LogMaterial: Missing cached shader map for material VertexColorMaterial, compiling. 
[2018.05.22-14.43.14:566][  0]LogMaterial: Missing cached shader map for material VertexColorViewMode_ColorOnly, compiling. 
[2018.05.22-14.43.14:598][  0]LogMaterial: Missing cached shader map for material VertexColorViewMode_AlphaAsColor, compiling. 
[2018.05.22-14.43.14:625][  0]LogMaterial: Missing cached shader map for material VertexColorViewMode_RedOnly, compiling. 
[2018.05.22-14.43.14:652][  0]LogMaterial: Missing cached shader map for material VertexColorViewMode_GreenOnly, compiling. 
[2018.05.22-14.43.14:684][  0]LogMaterial: Missing cached shader map for material VertexColorViewMode_BlueOnly, compiling. 
[2018.05.22-14.43.14:710][  0]LogMaterial: Missing cached shader map for material RemoveSurfaceMaterial, compiling. 
[2018.05.22-14.43.14:723][  0]LogMaterial: Missing cached shader map for material DebugMeshMaterial, compiling. 
[2018.05.22-14.43.14:750][  0]LogMaterial: Missing cached shader map for material M_InvalidLightmapSettings, compiling. 
[2018.05.22-14.43.14:818][  0]LogMaterial: Missing cached shader map for material GizmoMaterial, compiling. 
[2018.05.22-14.43.14:845][  0]LogMaterial: Missing cached shader map for material PhAT_JointLimitMaterial, compiling. 
[2018.05.22-14.43.14:883][  0]LogMaterial: Missing cached shader map for material GeomMaterial, compiling. 
[2018.05.22-14.43.14:905][  0]LogMaterial: Missing cached shader map for material EditorBrushMaterial, compiling. 
[2018.05.22-14.43.14:930][  0]LogMaterial: Missing cached shader map for material BoneWeightMaterial, compiling. 
[2018.05.22-14.43.15:079][  0]LogMaterial: Missing cached shader map for material ClothMaterial, compiling. 
[2018.05.22-14.43.15:106][  0]LogMaterial: Missing cached shader map for material ClothMaterial_WF, compiling. 
[2018.05.22-14.43.15:143][  0]LogMaterial: Missing cached shader map for material DebugEditorMaterial, compiling. 
[2018.05.22-14.43.15:171][  0]LogMaterial: Missing cached shader map for material PreviewShadowIndicatorMaterial, compiling. 
[2018.05.22-14.43.15:334][  0]LogStats: UGameplayTagsManager::ConstructGameplayTagTree: Construct from data asset -  0.000 s
[2018.05.22-14.43.15:334][  0]LogStats: UGameplayTagsManager::ConstructGameplayTagTree: GameplayTagTreeChangedEvent.Broadcast -  0.000 s
[2018.05.22-14.43.15:751][  0]LogAIModule: Creating AISystem for world Untitled
[2018.05.22-14.43.15:763][  0]LogInit: XAudio2 using 'Speakers (Realtek High Definition Audio)' : 2 channels at 48 kHz using 32 bits per sample (channel mask 0x3)
[2018.05.22-14.43.15:812][  0]LogInit: FAudioDevice initialized.
[2018.05.22-14.43.15:905][  0]LogDerivedDataCache: Saved boot cache 0.09s 71MB C:/Users/TEMP.AD.001/AppData/Local/UnrealEngine/4.18/DerivedDataCache/Boot.ddc.
[2018.05.22-14.43.15:923][  0]LogInit: Texture streaming: Enabled
[2018.05.22-14.43.16:205][  0]LogEngineSessionManager: EngineSessionManager initialized
[2018.05.22-14.43.16:571][  0]LogInit: Transaction tracking system initialized
[2018.05.22-14.43.17:444][  0]BlueprintLog: New page: Editor Load
[2018.05.22-14.43.20:007][  0]LocalizationService: Localization service is disabled
[2018.05.22-14.43.22:106][  0]LogConsoleResponse: Display: 
[2018.05.22-14.43.22:185][  0]LogMaterial: Missing cached shader map for material Cross_Mat, compiling. 
[2018.05.22-14.43.22:218][  0]LogMaterial: Missing cached shader map for material PhAT_BoneSelectedMaterial, compiling. 
[2018.05.22-14.43.22:245][  0]LogMaterial: Missing cached shader map for material PhAT_ElemSelectedMaterial, compiling. 
[2018.05.22-14.43.22:273][  0]LogMaterial: Missing cached shader map for material PhAT_NoCollisionMaterial, compiling. 
[2018.05.22-14.43.22:303][  0]LogMaterial: Missing cached shader map for material PhAT_UnselectedMaterial, compiling. 
[2018.05.22-14.43.22:346][  0]LogMaterial: Missing cached shader map for material Tick_Mat, compiling. 
[2018.05.22-14.43.22:387][  0]LogMaterial: Missing cached shader map for material WidgetGridVertexColorMaterial_Ma, compiling. 
[2018.05.22-14.43.22:411][  0]LogMaterial: Missing cached shader map for material WidgetMaterial, compiling. 
[2018.05.22-14.43.22:432][  0]LogMaterial: Missing cached shader map for material WidgetMaterial_Current, compiling. 
[2018.05.22-14.43.22:453][  0]LogMaterial: Missing cached shader map for material WidgetMaterial_X, compiling. 
[2018.05.22-14.43.22:474][  0]LogMaterial: Missing cached shader map for material WidgetMaterial_Y, compiling. 
[2018.05.22-14.43.22:495][  0]LogMaterial: Missing cached shader map for material WidgetMaterial_Z, compiling. 
[2018.05.22-14.43.22:516][  0]LogMaterial: Missing cached shader map for material WidgetVertexColorMaterial, compiling. 
[2018.05.22-14.43.22:587][  0]LogMaterial: Missing cached shader map for material LevelGridMaterial, compiling. 
[2018.05.22-14.43.22:659][  0]LogMaterial: Missing cached shader map for material BlinkingCaret, compiling. 
[2018.05.22-14.43.22:718][  0]LogMaterial: Missing cached shader map for material M_StreamingPause, compiling. 
[2018.05.22-14.43.22:777][  0]LogCook: Display: Max memory allowance for cook 16384mb min free memory 0mb
[2018.05.22-14.43.22:778][  0]LogCook: Display: Mobile HDR setting 0
[2018.05.22-14.43.22:778][  0]LogGameplayTags: Display: UGameplayTagsManager::DoneAddingNativeTags. DelegateIsBound: 0
[2018.05.22-14.43.23:908][  0]LogFileCache: Scanning file cache for directory 'H:/3Dmaze/Mazehere/mazegame/Content/' took 0.22s
[2018.05.22-14.43.26:155][  0]SourceControl: Source control is disabled
[2018.05.22-14.43.26:156][  0]Cmd: MAP LOAD FILE="H:/3Dmaze/Mazehere/mazegame/Content/Untitled_1_Auto3.umap" TEMPLATE=0 SHOWPROGRESS=1 FEATURELEVEL=3
[2018.05.22-14.43.26:175][  0]LightingResults: New page: Lighting Build
[2018.05.22-14.43.26:300][  0]MapCheck: New page: Map Check
[2018.05.22-14.43.26:300][  0]LightingResults: New page: Lighting Build
[2018.05.22-14.43.35:187][  0]LogTexture: Display: Building textures: IntoOblivion (BGRA8, 956X675)
[2018.05.22-14.43.35:187][  0]LogTexture: Display: Building textures: 92203_3548685_487393_image (AutoDXT, 1200X900)
[2018.05.22-14.43.35:187][  0]LogTexture: Display: Building textures: mat_pillar_roughness (AutoDXT, 2048X2048)
[2018.05.22-14.43.35:187][  0]LogTexture: Display: Building textures: Seamless-Rock-Wall-2_OCC (AutoDXT, 2048X2048)
[2018.05.22-14.43.35:187][  0]LogTexture: Display: Building textures: mat_pillar_normal (BC5, 2048X2048)
[2018.05.22-14.43.35:187][  0]LogTexture: Display: Building textures: Seamless-Rock-Wall-2_COLOR (AutoDXT, 2048X2048)
[2018.05.22-14.43.35:187][  0]LogTexture: Display: Building textures: Seamless-Rock-Wall-2_NRM (BC5, 2048X2048)
[2018.05.22-14.43.35:187][  0]LogTexture: Display: Building textures: mat_pillar_metallic (AutoDXT, 2048X2048)
[2018.05.22-14.43.35:192][  0]LogMaterial: Missing cached shader map for material BookMat_6, compiling. 
[2018.05.22-14.43.35:306][  0]LogMaterial: Missing cached shader map for material M_Sky_Panning_Clouds2, compiling. 
[2018.05.22-14.43.35:410][  0]LogTexture: Display: Building textures: mat_pillar_AO (AutoDXT, 2048X2048)
[2018.05.22-14.43.35:416][  0]LogMaterial: Missing cached shader map for material M_Radial_Gradient, compiling. 
[2018.05.22-14.43.35:483][  0]LogMaterial: Missing cached shader map for material M_smoke_subUV, compiling. 
[2018.05.22-14.43.35:681][  0]LogMaterial: Missing cached shader map for material M_Fire_SubUV, compiling. 
[2018.05.22-14.43.35:761][  0]LogStaticMesh: Building static mesh tandssticksaskFinal_Box001...
[2018.05.22-14.43.35:772][  0]LogStaticMesh: Built static mesh [0.02s] /Game/Blueprints/tandssticksaskFinal_Box001.tandssticksaskFinal_Box001
[2018.05.22-14.43.35:777][  0]LogStaticMesh: Building static mesh Book6...
[2018.05.22-14.43.35:788][  0]LogStaticMesh: Built static mesh [0.01s] /Game/Blueprints/Books/Book6.Book6
[2018.05.22-14.43.35:800][  0]LogStaticMesh: Building static mesh Door...
[2018.05.22-14.43.35:901][  0]LogStaticMesh: Built static mesh [0.10s] /Game/Blueprints/Models/Door.Door
[2018.05.22-14.43.35:906][  0]LogStaticMesh: Building static mesh Door_knob...
[2018.05.22-14.43.35:926][  0]LogStaticMesh: Built static mesh [0.02s] /Game/Blueprints/Models/Door_knob.Door_knob
[2018.05.22-14.43.35:929][  0]LogTexture: Display: Building textures: mat_pillar_albedo (AutoDXT, 2048X2048)
[2018.05.22-14.43.35:929][  0]LogStaticMesh: Building static mesh Key_2_Cylinder002...
[2018.05.22-14.43.38:364][  0]LogTexture: Display: Building textures: dirt_ground_texture__tileable___2048x2048__by_fabooguy-d7aopi7_SPEC (AutoDXT, 2048X2048)
[2018.05.22-14.43.38:364][  0]LogTexture: Display: Building textures: dirt_ground_texture__tileable___2048x2048__by_fabooguy-d7aopi7_OCC (AutoDXT, 2048X2048)
[2018.05.22-14.43.38:364][  0]LogStaticMesh: Built static mesh [2.43s] /Game/Blueprints/Models/Key_2_Cylinder002.Key_2_Cylinder002
[2018.05.22-14.43.38:510][  0]LogStaticMesh: Building static mesh facklaklar_Line001...
[2018.05.22-14.43.38:699][  0]LogStaticMesh: Built static mesh [0.19s] /Game/Blueprints/Models/facklaklar_Line001.facklaklar_Line001
[2018.05.22-14.43.38:705][  0]LogStaticMesh: Building static mesh Bookshelf...
[2018.05.22-14.43.38:744][  0]LogStaticMesh: Built static mesh [0.04s] /Game/Blueprints/Models/Bookshelf.Bookshelf
[2018.05.22-14.43.38:745][  0]LogStaticMesh: Building static mesh Box_Door...
[2018.05.22-14.43.38:750][  0]LogStaticMesh: Built static mesh [0.01s] /Game/Blueprints/Models/Box_Door.Box_Door
[2018.05.22-14.43.38:751][  0]LogStaticMesh: Building static mesh Cylinder...
[2018.05.22-14.43.38:755][  0]LogStaticMesh: Built static mesh [0.00s] /Game/Blueprints/Models/Cylinder.Cylinder
[2018.05.22-14.43.38:756][  0]LogStaticMesh: Building static mesh frame...
[2018.05.22-14.44.13:447][  0]LogTexture: Display: Building textures: dirt_ground_texture__tileable___2048x2048__by_fabooguy-d7aopi7_NRM (BC5, 2048X2048)
[2018.05.22-14.44.13:447][  0]LogTexture: Display: Building textures: HQ_Lightmap0_1 (AutoDXT, 1024X1024)
[2018.05.22-14.44.13:448][  0]LogTexture: Display: Building textures: dirt_ground_texture__tileable___2048x2048__by_fabooguy-d7aopi7_COLOR (AutoDXT, 2048X2048)
[2018.05.22-14.44.13:448][  0]LogTexture: Display: Building textures: HQ_Lightmap0_2 (AutoDXT, 512X512)
[2018.05.22-14.44.13:448][  0]LogTexture: Display: Building textures: HQ_Lightmap1_3 (AutoDXT, 64X64)
[2018.05.22-14.44.13:448][  0]LogTexture: Display: Building textures: LQ_Lightmap_0_1 (DXT1, 1024X1024)
[2018.05.22-14.44.13:448][  0]LogTexture: Display: Building textures: LQ_Lightmap_0_2 (DXT1, 512X512)
[2018.05.22-14.44.13:448][  0]LogTexture: Display: Building textures: LQ_Lightmap_1_3 (DXT1, 64X64)
[2018.05.22-14.44.13:448][  0]LogTexture: Display: Building textures: frame_R_tga (AutoDXT, 2048X2048)
[2018.05.22-14.44.13:448][  0]LogTexture: Display: Building textures: frame_N_tga (BC5, 2048X2048)
[2018.05.22-14.44.13:448][  0]LogTexture: Display: Building textures: frame_C_tga (AutoDXT, 2048X2048)
[2018.05.22-14.44.13:448][  0]LogTexture: Display: Building textures: stickText (BGRA8, 945X1148)
[2018.05.22-14.44.13:448][  0]LogTexture: Display: Building textures: Katie-Borrazzo-Book-Cover (AutoDXT, 3656X2400)
[2018.05.22-14.44.13:448][  0]LogTexture: Display: Building textures: Bitten_Paperback (BGRA8, 956X675)
[2018.05.22-14.44.13:448][  0]LogTexture: Display: Building textures: MG_9583-Nicolae-book-cover (BGRA8, 3697X2231)
[2018.05.22-14.44.13:448][  0]LogTexture: Display: Building textures: united-states-contemporary-fiction-thriller-transgressive-fiction-urban-fiction-addiction-fiction-book-cover-design (BGRA8, 3591X2550)
[2018.05.22-14.44.13:448][  0]LogTexture: Display: Building textures: united-kingdom-Epic-Fantasy-book-cover-design (AutoDXT, 1000X684)
[2018.05.22-14.44.13:448][  0]LogTexture: Display: Building textures: 002f6b568ead3ae95f5d87741e79a8cd-d8grmof (AutoDXT, 612X416)
[2018.05.22-14.44.13:448][  0]LogTexture: Display: Building textures: black_book_cover_texture_3_by_princessantriana-d8grncd (BGRA8, 631X429)
[2018.05.22-14.44.13:448][  0]LogTexture: Display: Building textures: 131437_4566726_749079_image (BGRA8, 1298X926)
[2018.05.22-14.44.13:448][  0]LogStaticMesh: Built static mesh [34.69s] /Game/Blueprints/Models/frame.frame
[2018.05.22-14.44.13:561][  0]LogStaticMesh: Building static mesh Top_Axe...
[2018.05.22-14.44.13:572][  0]LogStaticMesh: Built static mesh [0.01s] /Game/Blueprints/Models/Top_Axe.Top_Axe
[2018.05.22-14.44.13:574][  0]LogStaticMesh: Building static mesh Blade2_Axe...
[2018.05.22-14.44.13:581][  0]LogStaticMesh: Built static mesh [0.01s] /Game/Blueprints/Models/Blade2_Axe.Blade2_Axe
[2018.05.22-14.44.13:583][  0]LogStaticMesh: Building static mesh Blade3_Axe...
[2018.05.22-14.44.13:591][  0]LogStaticMesh: Built static mesh [0.01s] /Game/Blueprints/Models/Blade3_Axe.Blade3_Axe
[2018.05.22-14.44.13:593][  0]LogStaticMesh: Building static mesh Shaft_Axe...
[2018.05.22-14.44.13:612][  0]LogStaticMesh: Built static mesh [0.02s] /Game/Blueprints/Models/Shaft_Axe.Shaft_Axe
[2018.05.22-14.44.13:617][  0]LogStaticMesh: Building static mesh pelaremindre...
[2018.05.22-14.44.13:691][  0]LogStaticMesh: Built static mesh [0.07s] /Game/Blueprints/Models/Pillars/pelaremindre.pelaremindre
[2018.05.22-14.44.13:699][  0]LogStaticMesh: Building static mesh shie_Cylinder001...
[2018.05.22-14.44.13:842][  0]LogStaticMesh: Built static mesh [0.14s] /Game/Blueprints/Models/shie_Cylinder001.shie_Cylinder001
[2018.05.22-14.44.13:852][  0]LogStaticMesh: Building static mesh shie_Cylinder002...
[2018.05.22-14.44.13:861][  0]LogStaticMesh: Built static mesh [0.01s] /Game/Blueprints/Models/shie_Cylinder002.shie_Cylinder002
[2018.05.22-14.44.13:863][  0]LogStaticMesh: Building static mesh shie_Cylinder003...
[2018.05.22-14.44.13:865][  0]LogStaticMesh: Built static mesh [0.00s] /Game/Blueprints/Models/shie_Cylinder003.shie_Cylinder003
[2018.05.22-14.44.13:871][  0]LogStaticMesh: Building static mesh SM_Statue...
[2018.05.22-14.44.13:914][  0]LogStaticMesh: Built static mesh [0.04s] /Game/MobileStarterContent/Props/SM_Statue.SM_Statue
[2018.05.22-14.44.13:924][  0]LogStaticMesh: Building static mesh stenpelare...
[2018.05.22-14.44.13:932][  0]LogStaticMesh: Built static mesh [0.01s] /Game/Blueprints/Models/Pillars/stenpelare.stenpelare
[2018.05.22-14.44.13:933][  0]LogAudioDerivedData: Display: Building compressed audio format OGG wave FootstepStone...
[2018.05.22-14.44.13:970][  0]LogAudioDerivedData: Display: Building compressed audio format OGG wave CreakingDoor...
[2018.05.22-14.44.14:187][  0]LogMaterial: Missing cached shader map for material M_Wood_Walnut, compiling. 
[2018.05.22-14.44.14:234][  0]LogMaterial: Missing cached shader map for material BookMat_1, compiling. 
[2018.05.22-14.44.14:281][  0]LogMaterial: Missing cached shader map for material M_Metal_Rust, compiling. 
[2018.05.22-14.44.14:327][  0]LogMaterial: Missing cached shader map for material M_Metal_Burnished_Steel, compiling. 
[2018.05.22-14.44.14:374][  0]LogMaterial: Missing cached shader map for material Walls, compiling. 
[2018.05.22-14.44.14:422][  0]LogMaterial: Missing cached shader map for material StonePillar, compiling. 
[2018.05.22-14.44.14:470][  0]LogMaterial: Missing cached shader map for material Floor, compiling. 
[2018.05.22-14.44.14:506][  0]LogMaterial: Missing cached shader map for material BasicShapeMaterial, compiling. 
[2018.05.22-14.44.14:604][  0]LogMaterial: Missing cached shader map for material Mirror_Mat, compiling. 
[2018.05.22-14.44.14:654][  0]LogMaterial: Missing cached shader map for material M_Wood_Oak, compiling. 
[2018.05.22-14.44.14:713][  0]LogMaterial: Missing cached shader map for material M_Metal_Steel, compiling. 
[2018.05.22-14.44.14:771][  0]LogMaterial: Missing cached shader map for material 13_-_Default, compiling. 
[2018.05.22-14.44.14:821][  0]LogMaterial: Missing cached shader map for material stickText_Mat, compiling. 
[2018.05.22-14.44.14:855][  0]LogAudioDerivedData: Display: Building compressed audio format OGG wave MatchStrike...
[2018.05.22-14.44.14:939][  0]LogMaterial: Missing cached shader map for material BookMat_2, compiling. 
[2018.05.22-14.44.14:989][  0]LogMaterial: Missing cached shader map for material BookMat_10, compiling. 
[2018.05.22-14.44.15:039][  0]LogMaterial: Missing cached shader map for material BookMat_4, compiling. 
[2018.05.22-14.44.15:098][  0]LogMaterial: Missing cached shader map for material BookMat_3, compiling. 
[2018.05.22-14.44.15:162][  0]LogMaterial: Missing cached shader map for material BookMat_5, compiling. 
[2018.05.22-14.44.15:216][  0]LogMaterial: Missing cached shader map for material BookMat_8, compiling. 
[2018.05.22-14.44.15:263][  0]LogMaterial: Missing cached shader map for material BookMat_7, compiling. 
[2018.05.22-14.44.15:309][  0]LogMaterial: Missing cached shader map for material M_Rock, compiling. 
[2018.05.22-14.44.15:358][  0]LogMaterial: Missing cached shader map for material M_Bush, compiling. 
[2018.05.22-14.44.15:446][  0]LogMaterial: Missing cached shader map for material BookMat_9, compiling. 
[2018.05.22-14.44.15:492][  0]LogAudioDerivedData: Display: Building compressed audio format OGG wave SpookyAmbience...
[2018.05.22-14.44.26:131][  0]LogMaterial: Missing cached shader map for material M_StatueGlass, compiling. 
[2018.05.22-14.44.26:204][  0]LogAIModule: Creating AISystem for world Untitled_1_Auto3
[2018.05.22-14.44.26:496][  0]LogEditorServer: Finished looking for orphan Actors (0.000 secs)
[2018.05.22-14.44.26:573][  0]Cmd: MAP CHECKDEP NOCLEARLOG
[2018.05.22-14.44.27:297][  0]MapCheck: Map check complete: 0 Error(s), 0 Warning(s), took 724.11ms to complete.
[2018.05.22-14.44.27:297][  0]LogFileHelpers: Loading map 'Untitled_1_Auto3' took 61.142
[2018.05.22-14.44.27:678][  0]LogCollectionManager: Loaded 0 collections in 0.049809 seconds
[2018.05.22-14.44.27:894][  0]LogFileCache: Scanning file cache for directory 'H:/3Dmaze/Mazehere/mazegame/Saved/Collections/' took 0.01s
[2018.05.22-14.44.27:895][  0]LogFileCache: Scanning file cache for directory 'H:/3Dmaze/Mazehere/mazegame/Content/Developers/frejo851/Collections/' took 0.01s
[2018.05.22-14.44.27:895][  0]LogFileCache: Scanning file cache for directory 'H:/3Dmaze/Mazehere/mazegame/Content/Collections/' took 0.01s
[2018.05.22-14.44.27:895][  0]LogCollectionManager: Rebuilt the GUID cache for 0 collections in 0.000001 seconds
[2018.05.22-14.44.27:910][  0]LogContentBrowser: Native class hierarchy populated in 0.0139 seconds. Added 2386 classes and 530 folders.
[2018.05.22-14.44.28:103][  0]LogContentBrowser: Native class hierarchy updated for 'WidgetCarousel' in 0.0005 seconds. Added 0 classes and 0 folders.
[2018.05.22-14.44.28:682][  0]LogContentBrowser: Native class hierarchy updated for 'AddContentDialog' in 0.0005 seconds. Added 0 classes and 0 folders.
[2018.05.22-14.44.28:816][  0]LogContentBrowser: Native class hierarchy updated for 'SceneOutliner' in 0.0006 seconds. Added 1 classes and 2 folders.
[2018.05.22-14.44.28:888][  0]LogSlate: Took 0.000277 seconds to synchronously load lazily loaded font '../../../Engine/Content/Slate/Fonts/Roboto-Regular.ttf' (155K)
[2018.05.22-14.44.28:891][  0]LogSlate: Took 0.000296 seconds to synchronously load lazily loaded font '../../../Engine/Content/Slate/Fonts/Roboto-Bold.ttf' (160K)
[2018.05.22-14.44.28:908][  0]LogSlate: Took 0.008195 seconds to synchronously load lazily loaded font '../../../Engine/Content/Editor/Slate/Fonts/FontAwesome.ttf' (139K)
[2018.05.22-14.44.29:023][  0]LogMaterial: Missing cached shader map for material LevelGridMaterial2, compiling. 
[2018.05.22-14.44.29:135][  0]LogRenderer: Reallocating scene render targets to support 1616x808 Format 10 NumSamples 1 (Frame:1).
[2018.05.22-14.44.29:704][  0]LogContentBrowser: Native class hierarchy updated for 'HierarchicalLODOutliner' in 0.0006 seconds. Added 1 classes and 2 folders.
[2018.05.22-14.44.29:704][  0]LogLoad: (Engine Initialization) Total time: 107.60 seconds
[2018.05.22-14.44.29:704][  0]LogLoad: (Engine Initialization) Total Blueprint compile time: 0.00 seconds
[2018.05.22-14.44.29:704][  0]LogExternalProfiler: Found external profiler: VSPerf
[2018.05.22-14.44.29:704][  0]LogExternalProfiler: Using external profiler: VSPerf
[2018.05.22-14.44.29:714][  0]LogWindowsTextInputMethodSystem: Display: IME system now deactivated.
[2018.05.22-14.44.29:768][  0]LogDirectoryWatcher: A directory notification failed for 'H:/3Dmaze/Mazehere/mazegame/Content/' because it was empty or there was a buffer overflow. Attemping another request...
[2018.05.22-14.44.29:776][  0]LogDirectoryWatcher: A directory notification failed for 'H:/3Dmaze/Mazehere/mazegame/Content/', and we were unable to create a new request.
[2018.05.22-14.44.29:777][  0]LogDirectoryWatcher: A directory notification failed for 'H:/3Dmaze/Mazehere/mazegame/Saved/Collections/' because it was empty or there was a buffer overflow. Attemping another request...
[2018.05.22-14.44.29:777][  0]LogDirectoryWatcher: A directory notification failed for 'H:/3Dmaze/Mazehere/mazegame/Content/Developers/frejo851/Collections/' because it was empty or there was a buffer overflow. Attemping another request...
[2018.05.22-14.44.29:777][  0]LogDirectoryWatcher: A directory notification failed for 'H:/3Dmaze/Mazehere/mazegame/Content/Collections/' because it was empty or there was a buffer overflow. Attemping another request...
[2018.05.22-14.44.29:782][  0]LogContentStreaming: Texture pool size now 1000 MB
[2018.05.22-14.44.29:925][  1]LogAssetRegistry: Asset discovery search completed in 95.3288 seconds
[2018.05.22-14.44.29:928][  1]LogCollectionManager: Rebuilt the object cache for 0 collections in 0.000001 seconds (found 0 objects)
[2018.05.22-14.44.29:929][  1]LogCollectionManager: Fixed up redirectors for 0 collections in 0.000098 seconds (updated 0 objects)
[2018.05.22-14.44.30:061][  2]LogDirectoryWatcher: A directory notification failed for 'H:/3Dmaze/Mazehere/mazegame/Saved/Collections/' because it was empty or there was a buffer overflow. Attemping another request...
[2018.05.22-14.44.30:078][  2]LogDirectoryWatcher: A directory notification failed for 'H:/3Dmaze/Mazehere/mazegame/Saved/Collections/', and we were unable to create a new request.
[2018.05.22-14.44.30:078][  2]LogDirectoryWatcher: A directory notification failed for 'H:/3Dmaze/Mazehere/mazegame/Content/Developers/frejo851/Collections/' because it was empty or there was a buffer overflow. Attemping another request...
[2018.05.22-14.44.30:079][  2]LogDirectoryWatcher: A directory notification failed for 'H:/3Dmaze/Mazehere/mazegame/Content/Developers/frejo851/Collections/', and we were unable to create a new request.
[2018.05.22-14.44.30:079][  2]LogDirectoryWatcher: A directory notification failed for 'H:/3Dmaze/Mazehere/mazegame/Content/Collections/' because it was empty or there was a buffer overflow. Attemping another request...
[2018.05.22-14.44.30:081][  2]LogDirectoryWatcher: A directory notification failed for 'H:/3Dmaze/Mazehere/mazegame/Content/Collections/', and we were unable to create a new request.
[2018.05.22-14.44.34:894][265]LogFileCache: Retrieving MD5 hashes for directory 'H:/3Dmaze/Mazehere/mazegame/Content/' took 5.17s
[2018.05.22-14.48.09:078][308]LogTexture: Display: Building textures: SymbolsFake1 (BGRA8, 492X123)
[2018.05.22-14.48.09:078][308]LogMaterial: Missing cached shader map for material M_Metal_Gold1, compiling. 
[2018.05.22-14.48.09:119][308]LogStaticMesh: Building static mesh NameTagPlane...
[2018.05.22-14.48.09:132][308]LogSlate: Took 0.006670 seconds to synchronously load lazily loaded font '../../../Engine/Content/Slate/Fonts/Roboto-Light.ttf' (159K)
[2018.05.22-14.48.09:146][308]LogStaticMesh: Built static mesh [0.03s] /Game/Blueprints/Models/NameTagPlane.NameTagPlane
[2018.05.22-14.48.09:150][308]LogStaticMesh: Building static mesh NameTagBox...
[2018.05.22-14.48.09:160][308]LogStaticMesh: Built static mesh [0.01s] /Game/Blueprints/Models/NameTagBox.NameTagBox
[2018.05.22-14.48.09:164][308]LogStaticMesh: Building static mesh CylNameTag2...
[2018.05.22-14.48.09:198][308]LogStaticMesh: Built static mesh [0.03s] /Game/Blueprints/Models/CylNameTag2.CylNameTag2
[2018.05.22-14.48.09:202][308]LogStaticMesh: Building static mesh CylNameTag1...
[2018.05.22-14.48.09:243][308]LogStaticMesh: Built static mesh [0.04s] /Game/Blueprints/Models/CylNameTag1.CylNameTag1
[2018.05.22-14.48.09:250][308]LogMaterial: Missing cached shader map for material M_Metal_Gold, compiling. 
[2018.05.22-14.48.23:043][292]LogTexture: Display: Building textures: SymbolsFake4 (BGRA8, 495X111)
[2018.05.22-14.48.23:043][292]LogMaterial: Missing cached shader map for material M_Metal_Gold4, compiling. 
[2018.05.22-14.48.29:255][809]Cmd: DELETE
[2018.05.22-14.48.29:255][809]Cmd: ACTOR DELETE
[2018.05.22-14.48.29:268][809]LogEditorActor: Deleted Actor: FbxScene_nametag5_C
[2018.05.22-14.48.29:287][809]LogEditorActor: Deleted 1 Actors (0.031 secs)
[2018.05.22-14.48.29:645][834]LogEditorViewport: Clicking on Actor (LMB): FbxScene_nametag1_C (FbxScene_nametag1)
[2018.05.22-14.48.29:742][839]Cmd: DELETE
[2018.05.22-14.48.29:742][839]Cmd: ACTOR DELETE
[2018.05.22-14.48.29:747][839]LogEditorActor: Deleted Actor: FbxScene_nametag1_C
[2018.05.22-14.48.29:759][839]LogEditorActor: Deleted 1 Actors (0.017 secs)
[2018.05.22-14.48.39:801][969]LogTexture: Display: Building textures: SymbolsReal (BGRA8, 484X110)
[2018.05.22-14.48.39:801][969]LogMaterial: Missing cached shader map for material M_Metal_GoldReal, compiling. 
[2018.05.22-14.48.45:026][429]Cmd: DELETE
[2018.05.22-14.48.45:026][429]Cmd: ACTOR DELETE
[2018.05.22-14.48.45:031][429]LogEditorActor: Deleted Actor: FbxScene_nametagReal_C
[2018.05.22-14.48.45:045][429]LogEditorActor: Deleted 1 Actors (0.018 secs)
[2018.05.22-14.51.13:852][725]LogStaticMesh: Building static mesh RamRight1...
[2018.05.22-14.51.13:879][725]LogStaticMesh: Built static mesh [0.03s] /Game/Blueprints/Models/RamRight1.RamRight1
[2018.05.22-14.51.13:883][725]LogStaticMesh: Building static mesh tavlaRight1...
[2018.05.22-14.51.13:891][725]LogStaticMesh: Built static mesh [0.01s] /Game/Blueprints/Models/tavlaRight1.tavlaRight1
[2018.05.22-14.51.14:363][725]LogTexture: Display: Building textures: pointUp2 (BGRA8, 1318X2048)
[2018.05.22-14.51.14:363][725]LogMaterial: Missing cached shader map for material pointUp1Mat, compiling. 
[2018.05.22-14.51.28:133][959]LogEditorViewport: Clicking on Actor (LMB): StaticMeshActor (Cube74)
[2018.05.22-14.51.28:854][ 19]LogEditorViewport: Clicking on Actor (LMB): BP_Sky_Sphere_C (Sky Sphere)
[2018.05.22-14.51.32:256][254]Cmd: OBJ SAVEPACKAGE PACKAGE="/Game/Untitled_1_Auto3" FILE="H:/3Dmaze/Mazehere/mazegame/Content/Untitled_1_Auto3.umap" SILENT=true AUTOSAVING=false KEEPDIRTY=false
[2018.05.22-14.51.33:424][254]LogSlate: Took 0.000512 seconds to synchronously load lazily loaded font '../../../Engine/Content/Slate/Fonts/Roboto-Regular.ttf' (155K)
[2018.05.22-14.51.45:784][254]LogSavePackage: Save=13222.43ms
[2018.05.22-14.51.45:785][254]LogSavePackage: Moving 'H:/3Dmaze/Mazehere/mazegame/Saved/Untitled_1_Auto3F0444A474470AF6AC8BC5D8687E60910.tmp' to 'H:/3Dmaze/Mazehere/mazegame/Content/Untitled_1_Auto3.umap'
[2018.05.22-14.51.45:932][254]LogSavePackage: Display: Finished SavePackage H:/3Dmaze/Mazehere/mazegame/Content/Untitled_1_Auto3.umap
[2018.05.22-14.51.46:062][254]LogFileHelpers: Saving map 'Untitled_1_Auto3' took 14.473
