Log file open, 05/15/18 10:15:09
LogWindows: Failed to load 'aqProf.dll' (GetLastError=126)
LogWindows: File 'aqProf.dll' does not exist
LogWindows: Failed to load 'VtuneApi.dll' (GetLastError=126)
LogWindows: File 'VtuneApi.dll' does not exist
LogWindows: Failed to load 'VtuneApi32e.dll' (GetLastError=126)
LogWindows: File 'VtuneApi32e.dll' does not exist
LogInit: Display: Running engine for game: Movement
LogPlatformFile: Not using cached read wrapper
LogInit: Display: RandInit(1553715107) SRandInit(1553715107).
LogInit: Read version file with build ID '3709383'
LogInit: Overriding engine version to CL 3794801, compatible CL 3709383
LogInit: Registered custom module enumerator with build ID '3709383'
LogTaskGraph: Started task graph with 5 named threads and 14 total threads with 3 sets of task threads.
LogStats: Stats thread started at 0.207269
LogD3D11RHI: Aftermath initialized
LogModuleManager: Display: Found up-to-date module file ../../../Engine/Plugins/Marketplace/DatasmithCADImporter/Binaries/Win64/UE4Editor-DatasmithCADImporter.dll (API version 3709383).
LogModuleManager: Display: Found up-to-date module file ../../../Engine/Plugins/Marketplace/DatasmithImporter/Binaries/Win64/UE4Editor-DatasmithImporter.dll (API version 3709383).
LogModuleManager: Display: Found up-to-date module file ../../../Engine/Plugins/Marketplace/DatasmithImporter/Binaries/Win64/UE4Editor-DatasmithCore.dll (API version 3709383).
LogModuleManager: Display: Found up-to-date module file ../../../Engine/Plugins/2D/Paper2D/Binaries/Win64/UE4Editor-Paper2D.dll (API version 3709383).
LogModuleManager: Display: Found up-to-date module file ../../../Engine/Plugins/2D/Paper2D/Binaries/Win64/UE4Editor-Paper2DEditor.dll (API version 3709383).
LogModuleManager: Display: Found up-to-date module file ../../../Engine/Plugins/2D/Paper2D/Binaries/Win64/UE4Editor-PaperSpriteSheetImporter.dll (API version 3709383).
LogModuleManager: Display: Found up-to-date module file ../../../Engine/Plugins/2D/Paper2D/Binaries/Win64/UE4Editor-PaperTiledImporter.dll (API version 3709383).
LogModuleManager: Display: Found up-to-date module file ../../../Engine/Plugins/2D/Paper2D/Binaries/Win64/UE4Editor-SmartSnapping.dll (API version 3709383).
LogModuleManager: Display: Found up-to-date module file ../../../Engine/Plugins/Blendables/LightPropagationVolume/Binaries/Win64/UE4Editor-LightPropagationVolumeRuntime.dll (API version 3709383).
LogModuleManager: Display: Found up-to-date module file ../../../Engine/Plugins/Blendables/LightPropagationVolume/Binaries/Win64/UE4Editor-LightPropagationVolumeEditor.dll (API version 3709383).
LogModuleManager: Display: Found up-to-date module file ../../../Engine/Plugins/Developer/GitSourceControl/Binaries/Win64/UE4Editor-GitSourceControl.dll (API version 3709383).
LogModuleManager: Display: Found up-to-date module file ../../../Engine/Plugins/Developer/PerforceSourceControl/Binaries/Win64/UE4Editor-PerforceSourceControl.dll (API version 3709383).
LogModuleManager: Display: Found up-to-date module file ../../../Engine/Plugins/Developer/SubversionSourceControl/Binaries/Win64/UE4Editor-SubversionSourceControl.dll (API version 3709383).
LogModuleManager: Display: Found up-to-date module file ../../../Engine/Plugins/Developer/UObjectPlugin/Binaries/Win64/UE4Editor-UObjectPlugin.dll (API version 3709383).
LogModuleManager: Display: Found up-to-date module file ../../../Engine/Plugins/Developer/VisualStudioCodeSourceCodeAccess/Binaries/Win64/UE4Editor-VisualStudioCodeSourceCodeAccess.dll (API version 3709383).
LogModuleManager: Display: Found up-to-date module file ../../../Engine/Plugins/Developer/VisualStudioSourceCodeAccess/Binaries/Win64/UE4Editor-VisualStudioSourceCodeAccess.dll (API version 3709383).
LogModuleManager: Display: Found up-to-date module file ../../../Engine/Plugins/Editor/AssetManagerEditor/Binaries/Win64/UE4Editor-AssetManagerEditor.dll (API version 3709383).
LogModuleManager: Display: Found up-to-date module file ../../../Engine/Plugins/Editor/AudioCapture/Binaries/Win64/UE4Editor-AudioCapture.dll (API version 3709383).
LogModuleManager: Display: Found up-to-date module file ../../../Engine/Plugins/Editor/FacialAnimation/Binaries/Win64/UE4Editor-FacialAnimation.dll (API version 3709383).
LogModuleManager: Display: Found up-to-date module file ../../../Engine/Plugins/Editor/FacialAnimation/Binaries/Win64/UE4Editor-FacialAnimationEditor.dll (API version 3709383).
LogModuleManager: Display: Found up-to-date module file ../../../Engine/Plugins/Editor/GameplayTagsEditor/Binaries/Win64/UE4Editor-GameplayTagsEditor.dll (API version 3709383).
LogModuleManager: Display: Found up-to-date module file ../../../Engine/Plugins/Editor/MobileLauncherProfileWizard/Binaries/Win64/UE4Editor-MobileLauncherProfileWizard.dll (API version 3709383).
LogModuleManager: Display: Found up-to-date module file ../../../Engine/Plugins/Editor/PluginBrowser/Binaries/Win64/UE4Editor-PluginBrowser.dll (API version 3709383).
LogModuleManager: Display: Found up-to-date module file ../../../Engine/Plugins/Editor/SpeedTreeImporter/Binaries/Win64/UE4Editor-SpeedTreeImporter.dll (API version 3709383).
LogModuleManager: Display: Found up-to-date module file ../../../Engine/Plugins/Experimental/AlembicImporter/Binaries/Win64/UE4Editor-AlembicImporter.dll (API version 3709383).
LogModuleManager: Display: Found up-to-date module file ../../../Engine/Plugins/Experimental/AlembicImporter/Binaries/Win64/UE4Editor-AlembicLibrary.dll (API version 3709383).
LogModuleManager: Display: Found up-to-date module file ../../../Engine/Plugins/Experimental/CharacterAI/Binaries/Win64/UE4Editor-CharacterAI.dll (API version 3709383).
LogModuleManager: Display: Found up-to-date module file ../../../Engine/Plugins/Experimental/HTML5Networking/Binaries/Win64/UE4Editor-HTML5Networking.dll (API version 3709383).
LogModuleManager: Display: Found up-to-date module file ../../../Engine/Plugins/Media/AndroidMedia/Binaries/Win64/UE4Editor-AndroidMediaEditor.dll (API version 3709383).
LogModuleManager: Display: Found up-to-date module file ../../../Engine/Plugins/Media/AndroidMedia/Binaries/Win64/UE4Editor-AndroidMediaFactory.dll (API version 3709383).
LogModuleManager: Display: Found up-to-date module file ../../../Engine/Plugins/Media/AvfMedia/Binaries/Win64/UE4Editor-AvfMediaEditor.dll (API version 3709383).
LogModuleManager: Display: Found up-to-date module file ../../../Engine/Plugins/Media/AvfMedia/Binaries/Win64/UE4Editor-AvfMediaFactory.dll (API version 3709383).
LogModuleManager: Display: Found up-to-date module file ../../../Engine/Plugins/Media/AvfMedia/Binaries/Win64/UE4Editor-AvfMediaFactory.dll (API version 3709383).
LogModuleManager: Display: Found up-to-date module file ../../../Engine/Plugins/Media/ImgMedia/Binaries/Win64/UE4Editor-ImgMedia.dll (API version 3709383).
LogModuleManager: Display: Found up-to-date module file ../../../Engine/Plugins/Media/ImgMedia/Binaries/Win64/UE4Editor-ImgMediaEditor.dll (API version 3709383).
LogModuleManager: Display: Found up-to-date module file ../../../Engine/Plugins/Media/ImgMedia/Binaries/Win64/UE4Editor-ImgMediaFactory.dll (API version 3709383).
LogModuleManager: Display: Found up-to-date module file ../../../Engine/Plugins/Media/ImgMedia/Binaries/Win64/UE4Editor-ImgMediaFactory.dll (API version 3709383).
LogModuleManager: Display: Found up-to-date module file ../../../Engine/Plugins/Media/ImgMedia/Binaries/Win64/UE4Editor-OpenExrWrapper.dll (API version 3709383).
LogModuleManager: Display: Found up-to-date module file ../../../Engine/Plugins/Media/MediaCompositing/Binaries/Win64/UE4Editor-MediaCompositing.dll (API version 3709383).
LogModuleManager: Display: Found up-to-date module file ../../../Engine/Plugins/Media/MediaCompositing/Binaries/Win64/UE4Editor-MediaCompositingEditor.dll (API version 3709383).
LogModuleManager: Display: Found up-to-date module file ../../../Engine/Plugins/Media/MediaPlayerEditor/Binaries/Win64/UE4Editor-MediaPlayerEditor.dll (API version 3709383).
LogModuleManager: Display: Found up-to-date module file ../../../Engine/Plugins/Media/WmfMedia/Binaries/Win64/UE4Editor-WmfMedia.dll (API version 3709383).
LogModuleManager: Display: Found up-to-date module file ../../../Engine/Plugins/Media/WmfMedia/Binaries/Win64/UE4Editor-WmfMediaEditor.dll (API version 3709383).
LogModuleManager: Display: Found up-to-date module file ../../../Engine/Plugins/Media/WmfMedia/Binaries/Win64/UE4Editor-WmfMediaFactory.dll (API version 3709383).
LogModuleManager: Display: Found up-to-date module file ../../../Engine/Plugins/Media/WmfMedia/Binaries/Win64/UE4Editor-WmfMediaFactory.dll (API version 3709383).
LogModuleManager: Display: Found up-to-date module file ../../../Engine/Plugins/Messaging/TcpMessaging/Binaries/Win64/UE4Editor-TcpMessaging.dll (API version 3709383).
LogModuleManager: Display: Found up-to-date module file ../../../Engine/Plugins/Messaging/UdpMessaging/Binaries/Win64/UE4Editor-UdpMessaging.dll (API version 3709383).
LogModuleManager: Display: Found up-to-date module file ../../../Engine/Plugins/MovieScene/ActorSequence/Binaries/Win64/UE4Editor-ActorSequence.dll (API version 3709383).
LogModuleManager: Display: Found up-to-date module file ../../../Engine/Plugins/MovieScene/LevelSequenceEditor/Binaries/Win64/UE4Editor-LevelSequenceEditor.dll (API version 3709383).
LogModuleManager: Display: Found up-to-date module file ../../../Engine/Plugins/MovieScene/MatineeToLevelSequence/Binaries/Win64/UE4Editor-MatineeToLevelSequence.dll (API version 3709383).
LogModuleManager: Display: Found up-to-date module file ../../../Engine/Plugins/Online/OnlineSubsystem/Binaries/Win64/UE4Editor-OnlineSubsystem.dll (API version 3709383).
LogModuleManager: Display: Found up-to-date module file ../../../Engine/Plugins/Runtime/AndroidPermission/Binaries/Win64/UE4Editor-AndroidPermission.dll (API version 3709383).
LogModuleManager: Display: Found up-to-date module file ../../../Engine/Plugins/Online/OnlineSubsystemNull/Binaries/Win64/UE4Editor-OnlineSubsystemNull.dll (API version 3709383).
LogModuleManager: Display: Found up-to-date module file ../../../Engine/Plugins/Online/OnlineSubsystemUtils/Binaries/Win64/UE4Editor-OnlineSubsystemUtils.dll (API version 3709383).
LogModuleManager: Display: Found up-to-date module file ../../../Engine/Plugins/Online/OnlineSubsystemUtils/Binaries/Win64/UE4Editor-OnlineBlueprintSupport.dll (API version 3709383).
LogModuleManager: Display: Found up-to-date module file ../../../Engine/Plugins/Runtime/AndroidDeviceProfileSelector/Binaries/Win64/UE4Editor-AndroidDeviceProfileSelector.dll (API version 3709383).
LogModuleManager: Display: Found up-to-date module file ../../../Engine/Plugins/Runtime/AppleARKit/Binaries/Win64/UE4Editor-AppleARKit.dll (API version 3709383).
LogModuleManager: Display: Found up-to-date module file ../../../Engine/Plugins/Runtime/ArchVisCharacter/Binaries/Win64/UE4Editor-ArchVisCharacter.dll (API version 3709383).
LogModuleManager: Display: Found up-to-date module file ../../../Engine/Plugins/Runtime/CableComponent/Binaries/Win64/UE4Editor-CableComponent.dll (API version 3709383).
LogModuleManager: Display: Found up-to-date module file ../../../Engine/Plugins/Runtime/CustomMeshComponent/Binaries/Win64/UE4Editor-CustomMeshComponent.dll (API version 3709383).
LogModuleManager: Display: Found up-to-date module file ../../../Engine/Plugins/Runtime/ExampleDeviceProfileSelector/Binaries/Win64/UE4Editor-ExampleDeviceProfileSelector.dll (API version 3709383).
LogModuleManager: Display: Found up-to-date module file ../../../Engine/Plugins/Runtime/ImmediatePhysics/Binaries/Win64/UE4Editor-ImmediatePhysics.dll (API version 3709383).
LogModuleManager: Display: Found up-to-date module file ../../../Engine/Plugins/Runtime/ImmediatePhysics/Binaries/Win64/UE4Editor-ImmediatePhysicsEditor.dll (API version 3709383).
LogModuleManager: Display: Found up-to-date module file ../../../Engine/Plugins/Runtime/LocationServicesBPLibrary/Binaries/Win64/UE4Editor-LocationServicesBPLibrary.dll (API version 3709383).
LogModuleManager: Display: Found up-to-date module file ../../../Engine/Plugins/Runtime/MobilePatchingUtils/Binaries/Win64/UE4Editor-MobilePatchingUtils.dll (API version 3709383).
LogModuleManager: Display: Found up-to-date module file ../../../Engine/Plugins/Runtime/Oculus/OculusVR/Binaries/Win64/UE4Editor-OculusHMD.dll (API version 3709383).
LogModuleManager: Display: Found up-to-date module file ../../../Engine/Plugins/Runtime/Oculus/OculusVR/Binaries/Win64/UE4Editor-OculusInput.dll (API version 3709383).
LogModuleManager: Display: Found up-to-date module file ../../../Engine/Plugins/Runtime/Oculus/OculusVR/Binaries/Win64/UE4Editor-OculusEditor.dll (API version 3709383).
LogModuleManager: Display: Found up-to-date module file ../../../Engine/Plugins/Runtime/PhysXVehicles/Binaries/Win64/UE4Editor-PhysXVehicles.dll (API version 3709383).
LogModuleManager: Display: Found up-to-date module file ../../../Engine/Plugins/Runtime/PhysXVehicles/Binaries/Win64/UE4Editor-PhysXVehiclesEditor.dll (API version 3709383).
LogModuleManager: Display: Found up-to-date module file ../../../Engine/Plugins/Runtime/ProceduralMeshComponent/Binaries/Win64/UE4Editor-ProceduralMeshComponent.dll (API version 3709383).
LogModuleManager: Display: Found up-to-date module file ../../../Engine/Plugins/Runtime/ProceduralMeshComponent/Binaries/Win64/UE4Editor-ProceduralMeshComponentEditor.dll (API version 3709383).
LogModuleManager: Display: Found up-to-date module file ../../../Engine/Plugins/Runtime/RuntimePhysXCooking/Binaries/Win64/UE4Editor-RuntimePhysXCooking.dll (API version 3709383).
LogModuleManager: Display: Found up-to-date module file ../../../Engine/Plugins/Runtime/Steam/SteamVR/Binaries/Win64/UE4Editor-SteamVR.dll (API version 3709383).
LogModuleManager: Display: Found up-to-date module file ../../../Engine/Plugins/Runtime/Steam/SteamVR/Binaries/Win64/UE4Editor-SteamVRController.dll (API version 3709383).
LogModuleManager: Display: Found up-to-date module file ../../../Engine/Plugins/Runtime/WindowsMoviePlayer/Binaries/Win64/UE4Editor-WindowsMoviePlayer.dll (API version 3709383).
LogPluginManager: Mounting plugin Paper2D
LogPluginManager: Mounting plugin LightPropagationVolume
LogPluginManager: Mounting plugin CodeLiteSourceCodeAccess
LogPluginManager: Mounting plugin GitSourceControl
LogPluginManager: Mounting plugin KDevelopSourceCodeAccess
LogPluginManager: Mounting plugin NullSourceCodeAccess
LogPluginManager: Mounting plugin PerforceSourceControl
LogPluginManager: Mounting plugin SubversionSourceControl
LogPluginManager: Mounting plugin UObjectPlugin
LogPluginManager: Mounting plugin VisualStudioCodeSourceCodeAccess
LogPluginManager: Mounting plugin VisualStudioSourceCodeAccess
LogPluginManager: Mounting plugin XCodeSourceCodeAccess
LogPluginManager: Mounting plugin AssetManagerEditor
LogPluginManager: Mounting plugin AudioCapture
LogPluginManager: Mounting plugin FacialAnimation
LogPluginManager: Mounting plugin GameplayTagsEditor
LogPluginManager: Mounting plugin MobileLauncherProfileWizard
LogPluginManager: Mounting plugin PluginBrowser
LogPluginManager: Mounting plugin SpeedTreeImporter
LogPluginManager: Mounting plugin AlembicImporter
LogPluginManager: Mounting plugin CharacterAI
LogPluginManager: Mounting plugin HTML5Networking
LogPluginManager: Mounting plugin DatasmithCADImporter
LogPluginManager: Mounting plugin DatasmithImporter
LogPluginManager: Mounting plugin AndroidMedia
LogPluginManager: Mounting plugin AvfMedia
LogPluginManager: Mounting plugin ImgMedia
LogPluginManager: Mounting plugin MediaCompositing
LogPluginManager: Mounting plugin MediaPlayerEditor
LogPluginManager: Mounting plugin WmfMedia
LogPluginManager: Mounting plugin TcpMessaging
LogPluginManager: Mounting plugin UdpMessaging
LogPluginManager: Mounting plugin ActorSequence
LogPluginManager: Mounting plugin LevelSequenceEditor
LogPluginManager: Mounting plugin MatineeToLevelSequence
LogPluginManager: Mounting plugin OnlineSubsystemGooglePlay
LogPluginManager: Mounting plugin OnlineSubsystemIOS
LogPluginManager: Mounting plugin OnlineSubsystem
LogPluginManager: Mounting plugin OnlineSubsystemNull
LogPluginManager: Mounting plugin OnlineSubsystemUtils
LogPluginManager: Mounting plugin AndroidDeviceProfileSelector
LogPluginManager: Mounting plugin AndroidMoviePlayer
LogPluginManager: Mounting plugin AndroidPermission
LogPluginManager: Mounting plugin AppleARKit
LogPluginManager: Mounting plugin AppleMoviePlayer
LogPluginManager: Mounting plugin ArchVisCharacter
LogPluginManager: Mounting plugin CableComponent
LogPluginManager: Mounting plugin CustomMeshComponent
LogPluginManager: Mounting plugin ExampleDeviceProfileSelector
LogPluginManager: Mounting plugin GoogleCloudMessaging
LogPluginManager: Mounting plugin ImmediatePhysics
LogPluginManager: Mounting plugin IOSDeviceProfileSelector
LogPluginManager: Mounting plugin LinuxDeviceProfileSelector
LogPluginManager: Mounting plugin LocationServicesBPLibrary
LogPluginManager: Mounting plugin MobilePatchingUtils
LogPluginManager: Mounting plugin OculusVR
LogPluginManager: Plugin shader directory ../../../Engine/Plugins/Runtime/Oculus/OculusVR/Shaders found
LogPluginManager: Mapping shader source directory ../../../Engine/Plugins/Runtime/Oculus/OculusVR/Shaders to virtual directory /Plugin/OculusVR
LogPluginManager: Mounting plugin PhysXVehicles
LogPluginManager: Mounting plugin ProceduralMeshComponent
LogPluginManager: Mounting plugin RuntimePhysXCooking
LogPluginManager: Mounting plugin SteamVR
LogPluginManager: Mounting plugin WindowsMoviePlayer
LogInit: Using libcurl 7.47.1
LogInit:  - built for x86_64-pc-win32
LogInit:  - supports SSL with OpenSSL/1.0.2g
LogInit:  - supports HTTP deflate (compression) using libz 1.2.8
LogInit:  - other features:
LogInit:      CURL_VERSION_SSL
LogInit:      CURL_VERSION_LIBZ
LogInit:      CURL_VERSION_IPV6
LogInit:      CURL_VERSION_ASYNCHDNS
LogInit:      CURL_VERSION_LARGEFILE
LogInit:      CURL_VERSION_IDN
LogInit:  CurlRequestOptions (configurable via config and command line):
LogInit:  - bVerifyPeer = false  - Libcurl will NOT verify peer certificate
LogInit:  - bUseHttpProxy = false  - Libcurl will NOT use HTTP proxy
LogInit:  - bDontReuseConnections = false  - Libcurl will reuse connections
LogInit:  - CertBundlePath = nullptr  - Libcurl will use whatever was configured at build time.
LogInit: Build: ++UE4+Release-4.18-CL-3794801
LogInit: Engine Version: 4.18.2-3794801+++UE4+Release-4.18
LogInit: Compatible Engine Version: 4.18.0-3709383+++UE4+Release-4.18
LogInit: Net CL: 3709383
LogDevObjectVersion: Number of dev versions registered: 16
LogDevObjectVersion:   Dev-Blueprints (B0D832E4-1F89-4F0D-ACCF-7EB736FD4AA2): 10
LogDevObjectVersion:   Dev-Build (E1C64328-A22C-4D53-A36C-8E866417BD8C): 0
LogDevObjectVersion:   Dev-Core (375EC13C-06E4-48FB-B500-84F0262A717E): 2
LogDevObjectVersion:   Dev-Editor (E4B068ED-F494-42E9-A231-DA0B2E46BB41): 20
LogDevObjectVersion:   Dev-Framework (CFFC743F-43B0-4480-9391-14DF171D2073): 30
LogDevObjectVersion:   Dev-Mobile (B02B49B5-BB20-44E9-A304-32B752E40360): 0
LogDevObjectVersion:   Dev-Networking (A4E4105C-59A1-49B5-A7C5-40C4547EDFEE): 0
LogDevObjectVersion:   Dev-Online (39C831C9-5AE6-47DC-9A44-9C173E1C8E7C): 0
LogDevObjectVersion:   Dev-Physics (78F01B33-EBEA-4F98-B9B4-84EACCB95AA2): 0
LogDevObjectVersion:   Dev-Platform (6631380F-2D4D-43E0-8009-CF276956A95A): 0
LogDevObjectVersion:   Dev-Rendering (12F88B9F-8875-4AFC-A67C-D90C383ABD29): 20
LogDevObjectVersion:   Dev-Sequencer (7B5AE74C-D270-4C10-A958-57980B212A5A): 4
LogDevObjectVersion:   Dev-VR (D7296918-1DD6-4BDD-9DE2-64A83CC13884): 0
LogDevObjectVersion:   Dev-LoadTimes (C2A15278-BFE7-4AFE-6C17-90FF531DF755): 1
LogDevObjectVersion:   Private-Geometry (6EACA3D4-40EC-4CC1-B786-8BED09428FC5): 1
LogDevObjectVersion:   Dev-AnimPhys (29E575DD-E0A3-4627-9D10-D276232CDCEA): 12
LogInit: Compiled (64-bit): Dec  8 2017 02:04:53
LogInit: Compiled with Visual C++: 19.00.24215.01
LogInit: Build Configuration: Development
LogInit: Branch Name: ++UE4+Release-4.18
LogInit: Command line: 
LogInit: Base directory: C:/Program Files/Epic Games/UE_4.18/Engine/Binaries/Win64/
LogInit: Installed Engine Build: 1
LogInit: Presizing for max 8388607 objects, including 0 objects not considered by GC, pre-allocating 0 bytes for permanent pool.
LogInit: Object subsystem initialized
[2018.05.15-08.15.13:808][  0]LogInit: Selected Device Profile: [Windows]
[2018.05.15-08.15.13:808][  0]LogInit: Applying CVar settings loaded from the selected device profile: [Windows]
[2018.05.15-08.15.13:903][  0]LogInit: Computer: KITN-K4507-12
[2018.05.15-08.15.13:903][  0]LogInit: User: johfo522
[2018.05.15-08.15.13:903][  0]LogInit: CPU Page size=4096, Cores=4
[2018.05.15-08.15.13:903][  0]LogInit: High frequency timer resolution =3.604936 MHz
[2018.05.15-08.15.13:904][  0]LogMemory: Memory total: Physical=31.9GB (32GB approx)
[2018.05.15-08.15.13:904][  0]LogMemory: Platform Memory Stats for Windows
[2018.05.15-08.15.13:904][  0]LogMemory: Process Physical Memory: 272.76 MB used, 272.76 MB peak
[2018.05.15-08.15.13:904][  0]LogMemory: Process Virtual Memory: 270.91 MB used, 270.91 MB peak
[2018.05.15-08.15.13:904][  0]LogMemory: Physical Memory: 5085.84 MB used,  27598.33 MB free, 32684.18 MB total
[2018.05.15-08.15.13:904][  0]LogMemory: Virtual Memory: 678.77 MB used,  27598.33 MB free, 134217728.00 MB total
[2018.05.15-08.15.14:231][  0]LogInit: Using OS detected language (en-US).
[2018.05.15-08.15.14:231][  0]LogInit: Using OS detected locale (en-US).
[2018.05.15-08.15.14:234][  0]LogTextLocalizationManager: No specific localization for 'en-US' exists, so the 'en' localization will be used.
[2018.05.15-08.15.14:619][  0]LogInit: Setting process to per monitor DPI aware
[2018.05.15-08.15.14:954][  0]LogD3D11RHI: D3D11 adapters:
[2018.05.15-08.15.14:999][  0]LogD3D11RHI:    0. 'NVIDIA GeForce GTX 1070' (Feature Level 11_0)
[2018.05.15-08.15.14:999][  0]LogD3D11RHI:       8119/0/16342 MB DedicatedVideo/DedicatedSystem/SharedSystem, Outputs:1, VendorId:0x10de
[2018.05.15-08.15.15:006][  0]LogD3D11RHI:    1. 'Microsoft Basic Render Driver' (Feature Level 11_0)
[2018.05.15-08.15.15:006][  0]LogD3D11RHI:       0/0/16342 MB DedicatedVideo/DedicatedSystem/SharedSystem, Outputs:0, VendorId:0x1414
[2018.05.15-08.15.15:006][  0]LogD3D11RHI: Chosen D3D11 Adapter: 0
[2018.05.15-08.15.15:017][  0]LogD3D11RHI: Creating new Direct3DDevice
[2018.05.15-08.15.15:017][  0]LogD3D11RHI:     GPU DeviceId: 0x1b81 (for the marketing name, search the web for "GPU Device Id")
[2018.05.15-08.15.15:018][  0]LogWindows: EnumDisplayDevices:
[2018.05.15-08.15.15:018][  0]LogWindows:    0. 'NVIDIA GeForce GTX 1070' (P:1 D:1)
[2018.05.15-08.15.15:018][  0]LogWindows:    1. 'NVIDIA GeForce GTX 1070' (P:0 D:0)
[2018.05.15-08.15.15:018][  0]LogWindows:    2. 'NVIDIA GeForce GTX 1070' (P:0 D:0)
[2018.05.15-08.15.15:018][  0]LogWindows:    3. 'NVIDIA GeForce GTX 1070' (P:0 D:0)
[2018.05.15-08.15.15:018][  0]LogWindows: DebugString: GetVideoDriverDetailsInvalid PrimaryIsNotTheChoosenAdapter GetVideoDriverDetailsInvalid PrimaryIsNotTheChoosenAdapter GetVideoDriverDetailsInvalid PrimaryIsNotTheChoosenAdapter GetVideoDriverDetailsInvalid PrimaryIsNotTheChoosenAdapter FoundDriverCount:0 
[2018.05.15-08.15.15:018][  0]LogD3D11RHI:     Adapter Name: NVIDIA GeForce GTX 1070
[2018.05.15-08.15.15:018][  0]LogD3D11RHI:   Driver Version: Unknown (internal:Unknown, unified:Unknown)
[2018.05.15-08.15.15:019][  0]LogD3D11RHI:      Driver Date: Unknown
[2018.05.15-08.15.15:019][  0]LogRHI: Texture pool is 5683 MB (70% of 8119 MB)
[2018.05.15-08.15.15:051][  0]LogD3D11RHI: Async texture creation enabled
[2018.05.15-08.15.15:071][  0]LogD3D11RHI: GPU Timing Frequency: 1000.000000 (Debug: 2 1)
[2018.05.15-08.15.15:115][  0]LogShaderCompilers: Guid format shader working directory is 30 characters bigger than the processId version (H:/Unreal/mazegame/Intermediate/Shaders/WorkingDirectory/7592/).
[2018.05.15-08.15.15:115][  0]LogShaderCompilers: Cleaned the shader compiler working directory 'C:/Users/TEMP.AD/AppData/Local/Temp/UnrealShaderWorkingDir/CE3FAAA74AFF3323E93B8E9E69FBC90B/'.
[2018.05.15-08.15.15:115][  0]LogShaderCompilers: Display: Using Local Shader Compiler.
[2018.05.15-08.15.16:147][  0]LogTemp: Display: Loaded TP AllDesktopTargetPlatform
[2018.05.15-08.15.16:229][  0]LogTemp: Display: Loaded TP MacClientTargetPlatform
[2018.05.15-08.15.16:308][  0]LogTemp: Display: Loaded TP MacNoEditorTargetPlatform
[2018.05.15-08.15.16:387][  0]LogTemp: Display: Loaded TP MacServerTargetPlatform
[2018.05.15-08.15.16:465][  0]LogTemp: Display: Loaded TP MacTargetPlatform
[2018.05.15-08.15.16:553][  0]LogTemp: Display: Loaded TP WindowsClientTargetPlatform
[2018.05.15-08.15.16:696][  0]LogTemp: Display: Loaded TP WindowsNoEditorTargetPlatform
[2018.05.15-08.15.16:810][  0]LogTemp: Display: Loaded TP WindowsServerTargetPlatform
[2018.05.15-08.15.16:879][  0]LogTemp: Display: Loaded TP WindowsTargetPlatform
[2018.05.15-08.15.16:961][  0]LogTemp: Display: Loaded TP Android_ASTCTargetPlatform
[2018.05.15-08.15.17:051][  0]LogTemp: Display: Loaded TP Android_ATCTargetPlatform
[2018.05.15-08.15.17:177][  0]LogTemp: Display: Loaded TP Android_DXTTargetPlatform
[2018.05.15-08.15.17:255][  0]LogTemp: Display: Loaded TP Android_ETC1TargetPlatform
[2018.05.15-08.15.17:332][  0]LogTemp: Display: Loaded TP Android_ETC2TargetPlatform
[2018.05.15-08.15.17:558][  0]LogTemp: Display: Loaded TP Android_MultiTargetPlatform
[2018.05.15-08.15.17:558][  0]LogTemp: Display: Loaded TP Android_PVRTCTargetPlatform
[2018.05.15-08.15.17:708][  0]LogTemp: Display: Loaded TP AndroidTargetPlatform
[2018.05.15-08.15.17:782][  0]LogTemp: Display: Loaded TP HTML5TargetPlatform
[2018.05.15-08.15.17:921][  0]LogTemp: Display: Loaded TP IOSTargetPlatform
[2018.05.15-08.15.17:969][  0]LogTemp: Display: Loaded TP TVOSTargetPlatform
[2018.05.15-08.15.18:070][  0]LogTemp: Display: Loaded TP LinuxClientTargetPlatform
[2018.05.15-08.15.18:153][  0]LogTemp: Display: Loaded TP LinuxNoEditorTargetPlatform
[2018.05.15-08.15.18:236][  0]LogTemp: Display: Loaded TP LinuxServerTargetPlatform
[2018.05.15-08.15.18:319][  0]LogTemp: Display: Loaded TP LinuxTargetPlatform
[2018.05.15-08.15.18:319][  0]LogTargetPlatformManager: Display: Building Assets For Windows
[2018.05.15-08.15.19:084][  0]LogDerivedDataCache: Display: Max Cache Size: 512 MB
[2018.05.15-08.15.19:157][  0]LogDerivedDataCache: Loaded boot cache 0.07s 69MB C:/Users/TEMP.AD/AppData/Local/UnrealEngine/4.18/DerivedDataCache/Boot.ddc.
[2018.05.15-08.15.19:157][  0]LogDerivedDataCache: Display: Loaded Boot cache: C:/Users/TEMP.AD/AppData/Local/UnrealEngine/4.18/DerivedDataCache/Boot.ddc
[2018.05.15-08.15.19:159][  0]LogDerivedDataCache: FDerivedDataBackendGraph:  Pak pak cache file H:/Unreal/mazegame/DerivedDataCache/DDC.ddp not found, will not use a pak cache.
[2018.05.15-08.15.19:159][  0]LogDerivedDataCache: Unable to find inner node Pak for hierarchical cache Hierarchy.
[2018.05.15-08.15.19:160][  0]LogDerivedDataCache: FDerivedDataBackendGraph:  CompressedPak pak cache file H:/Unreal/mazegame/DerivedDataCache/Compressed.ddp not found, will not use a pak cache.
[2018.05.15-08.15.19:160][  0]LogDerivedDataCache: Unable to find inner node CompressedPak for hierarchical cache Hierarchy.
[2018.05.15-08.15.19:174][  0]LogDerivedDataCache: Display: Pak cache opened for reading ../../../Engine/DerivedDataCache/Compressed.ddp.
[2018.05.15-08.15.19:187][  0]LogDerivedDataCache: Using Local data cache path C:/Users/TEMP.AD/AppData/Local/UnrealEngine/Common/DerivedDataCache: Writable
[2018.05.15-08.15.19:196][  0]LogMaterial: Verifying Global Shaders for PCD3D_SM5
[2018.05.15-08.15.19:196][  0]LogSlate: Using Freetype 2.6.0
[2018.05.15-08.15.19:197][  0]LogSlate: SlateFontCache - WITH_FREETYPE: 1, WITH_HARFBUZZ: 1
[2018.05.15-08.15.19:197][  0]LogSlate: SlateFontCache - WITH_FREETYPE: 1, WITH_HARFBUZZ: 1
[2018.05.15-08.15.19:616][  0]LogInit: Selected Device Profile: [Windows]
[2018.05.15-08.15.20:110][  0]LogSimplygon: Simplygon DLL not present - disabling.
[2018.05.15-08.15.20:172][  0]LogMeshReduction: Using SimplygonSwarm for distributed automatic mesh merging
[2018.05.15-08.15.20:172][  0]LogMeshReduction: Using QuadricMeshReduction for automatic static mesh reduction
[2018.05.15-08.15.20:172][  0]LogMeshReduction: No automatic skeletal mesh reduction module available
[2018.05.15-08.15.20:172][  0]LogMeshReduction: No automatic mesh merging module available
[2018.05.15-08.15.20:172][  0]LogMeshMerging: No automatic mesh merging module available
[2018.05.15-08.15.20:203][  0]LogNetVersion: Movement , NetCL: 3709383, EngineNetVer: 2, GameNetVer: 0 (Checksum: 1157801380)
[2018.05.15-08.15.20:405][  0]LogAssetRegistry: FAssetRegistry took 0.0273 seconds to start up
[2018.05.15-08.15.23:356][  0]LogPackageLocalizationCache: Processed 8 localized package path(s) for 2 prioritized culture(s) in 1.949981 seconds
[2018.05.15-08.15.23:368][  0]LogUObjectArray: 35900 objects as part of root set at end of initial load.
[2018.05.15-08.15.23:369][  0]LogUObjectAllocator: 7372016 out of 0 bytes used by permanent object pool.
[2018.05.15-08.15.23:369][  0]LogUObjectArray: CloseDisregardForGC: 0/0 objects in disregard for GC pool
[2018.05.15-08.15.23:509][  0]LogInit: WinSock: version 1.1 (2.2), MaxSocks=32767, MaxUdp=65467
[2018.05.15-08.15.25:591][  0]LogMaterial: Missing cached shader map for material ArrowMaterial, compiling. 
[2018.05.15-08.15.28:277][  0]LogTcpMessaging: Initializing TcpMessaging bridge
[2018.05.15-08.15.28:355][  0]LogUdpMessaging: Initializing bridge on interface 0.0.0.0:0 to multicast group 230.0.0.1:6666.
[2018.05.15-08.15.28:359][  0]LogDirectoryWatcher: A directory notification failed for 'H:/Unreal/mazegame/Content/' because it was empty or there was a buffer overflow. Attemping another request...
[2018.05.15-08.15.29:107][  0]LogMaterial: Missing cached shader map for material DefaultMaterial, compiling. 
[2018.05.15-08.15.30:245][  0]LogMaterial: Missing cached shader map for material BaseColor, compiling. 
[2018.05.15-08.15.30:263][  0]LogMaterial: Missing cached shader map for material CustomDepth, compiling. 
[2018.05.15-08.15.30:312][  0]LogMaterial: Uniform references updated for custom material expression Custom.
[2018.05.15-08.15.30:316][  0]LogMaterial: Missing cached shader map for material CustomStencil, compiling. 
[2018.05.15-08.15.30:333][  0]LogMaterial: Missing cached shader map for material FinalImage, compiling. 
[2018.05.15-08.15.30:350][  0]LogMaterial: Missing cached shader map for material LightingModel, compiling. 
[2018.05.15-08.15.30:370][  0]LogMaterial: Missing cached shader map for material MaterialAO, compiling. 
[2018.05.15-08.15.30:390][  0]LogMaterial: Missing cached shader map for material Metallic, compiling. 
[2018.05.15-08.15.30:407][  0]LogMaterial: Missing cached shader map for material Opacity, compiling. 
[2018.05.15-08.15.30:431][  0]LogMaterial: Missing cached shader map for material Roughness, compiling. 
[2018.05.15-08.15.30:446][  0]LogMaterial: Missing cached shader map for material SceneColor, compiling. 
[2018.05.15-08.15.30:463][  0]LogMaterial: Missing cached shader map for material SceneDepth, compiling. 
[2018.05.15-08.15.30:480][  0]LogMaterial: Missing cached shader map for material SeparateTranslucencyRGB, compiling. 
[2018.05.15-08.15.30:500][  0]LogMaterial: Missing cached shader map for material SeparateTranslucencyA, compiling. 
[2018.05.15-08.15.30:518][  0]LogMaterial: Missing cached shader map for material Specular, compiling. 
[2018.05.15-08.15.30:540][  0]LogMaterial: Missing cached shader map for material SubsurfaceColor, compiling. 
[2018.05.15-08.15.30:559][  0]LogMaterial: Missing cached shader map for material WorldNormal, compiling. 
[2018.05.15-08.15.30:582][  0]LogMaterial: Missing cached shader map for material AmbientOcclusion, compiling. 
[2018.05.15-08.15.30:612][  0]LogMaterial: Missing cached shader map for material CustomDepthWorldUnits, compiling. 
[2018.05.15-08.15.30:636][  0]LogMaterial: Missing cached shader map for material SceneDepthWorldUnits, compiling. 
[2018.05.15-08.15.30:654][  0]LogMaterial: Missing cached shader map for material PreTonemapHDRColor, compiling. 
[2018.05.15-08.15.30:671][  0]LogMaterial: Missing cached shader map for material PostTonemapHDRColor, compiling. 
[2018.05.15-08.15.32:053][  0]SourceControl: Source control is disabled
[2018.05.15-08.15.32:053][  0]SourceControl: Source control is disabled
[2018.05.15-08.15.32:218][  0]SourceControl: Source control is disabled
[2018.05.15-08.15.32:432][  0]SourceControl: Source control is disabled
[2018.05.15-08.15.34:857][  0]LogMaterial: Missing cached shader map for material CE_OpaqueMaster, compiling. 
[2018.05.15-08.15.34:904][  0]LogMaterial: Missing cached shader map for material CE_OpacityMaster, compiling. 
[2018.05.15-08.15.34:962][  0]LogMaterial: Missing cached shader map for material CE_OpacitySimpleMaster, compiling. 
[2018.05.15-08.15.35:069][  0]LogMaterial: Missing cached shader map for material CI_OpaqueMaster, compiling. 
[2018.05.15-08.15.35:120][  0]LogMaterial: Missing cached shader map for material CI_TransparentMaster, compiling. 
[2018.05.15-08.15.35:440][  0]LogMaterial: Missing cached shader map for material DefaultMediaPlaneMaterial, compiling. 
[2018.05.15-08.15.36:286][  0]LogAndroidPermission: UAndroidPermissionCallbackProxy::GetInstance
[2018.05.15-08.15.37:057][  0]LogOcInput: OculusInput pre-init called
[2018.05.15-08.15.37:722][  0]LogMaterial: Missing cached shader map for material HighResScreenshot, compiling. 
[2018.05.15-08.15.37:748][  0]LogMaterial: Missing cached shader map for material HighResScreenshotMask, compiling. 
[2018.05.15-08.15.37:779][  0]LogMaterial: Missing cached shader map for material HighResScreenshotCaptureRegion, compiling. 
[2018.05.15-08.15.37:882][  0]LogEngine: Initializing Engine...
[2018.05.15-08.15.37:886][  0]LogHMD: Failed to initialize OpenVR with code 110
[2018.05.15-08.15.37:895][  0]LogMaterial: Missing cached shader map for material WireframeMaterial, compiling. Is special engine material.
[2018.05.15-08.15.38:273][  0]LogMaterial: Missing cached shader map for material LevelColorationLitMaterial, compiling. Is special engine material.
[2018.05.15-08.15.39:236][  0]LogMaterial: Missing cached shader map for material LevelColorationUnlitMaterial, compiling. Is special engine material.
[2018.05.15-08.15.39:522][  0]LogMaterial: Missing cached shader map for material MAT_LevelColorationLitLightmapUV, compiling. Is special engine material.
[2018.05.15-08.15.40:489][  0]LogMaterial: Missing cached shader map for material ShadedLevelColorationLitMaterial, compiling. Is special engine material.
[2018.05.15-08.15.41:447][  0]LogMaterial: Missing cached shader map for material ShadedLevelColorationUnlitMateri, compiling. Is special engine material.
[2018.05.15-08.15.41:717][  0]LogMaterial: Missing cached shader map for material VertexColorMaterial, compiling. 
[2018.05.15-08.15.41:858][  0]LogMaterial: Missing cached shader map for material VertexColorViewMode_ColorOnly, compiling. 
[2018.05.15-08.15.41:887][  0]LogMaterial: Missing cached shader map for material VertexColorViewMode_AlphaAsColor, compiling. 
[2018.05.15-08.15.41:915][  0]LogMaterial: Missing cached shader map for material VertexColorViewMode_RedOnly, compiling. 
[2018.05.15-08.15.41:943][  0]LogMaterial: Missing cached shader map for material VertexColorViewMode_GreenOnly, compiling. 
[2018.05.15-08.15.41:969][  0]LogMaterial: Missing cached shader map for material VertexColorViewMode_BlueOnly, compiling. 
[2018.05.15-08.15.41:997][  0]LogMaterial: Missing cached shader map for material RemoveSurfaceMaterial, compiling. 
[2018.05.15-08.15.42:008][  0]LogMaterial: Missing cached shader map for material DebugMeshMaterial, compiling. 
[2018.05.15-08.15.42:032][  0]LogMaterial: Missing cached shader map for material M_InvalidLightmapSettings, compiling. 
[2018.05.15-08.15.42:094][  0]LogMaterial: Missing cached shader map for material GizmoMaterial, compiling. 
[2018.05.15-08.15.42:122][  0]LogMaterial: Missing cached shader map for material PhAT_JointLimitMaterial, compiling. 
[2018.05.15-08.15.42:155][  0]LogMaterial: Missing cached shader map for material GeomMaterial, compiling. 
[2018.05.15-08.15.42:176][  0]LogMaterial: Missing cached shader map for material EditorBrushMaterial, compiling. 
[2018.05.15-08.15.42:198][  0]LogMaterial: Missing cached shader map for material BoneWeightMaterial, compiling. 
[2018.05.15-08.15.42:337][  0]LogMaterial: Missing cached shader map for material ClothMaterial, compiling. 
[2018.05.15-08.15.42:362][  0]LogMaterial: Missing cached shader map for material ClothMaterial_WF, compiling. 
[2018.05.15-08.15.42:397][  0]LogMaterial: Missing cached shader map for material DebugEditorMaterial, compiling. 
[2018.05.15-08.15.42:419][  0]LogMaterial: Missing cached shader map for material PreviewShadowIndicatorMaterial, compiling. 
[2018.05.15-08.15.42:542][  0]LogStats: UGameplayTagsManager::ConstructGameplayTagTree: Construct from data asset -  0.000 s
[2018.05.15-08.15.42:542][  0]LogStats: UGameplayTagsManager::ConstructGameplayTagTree: GameplayTagTreeChangedEvent.Broadcast -  0.000 s
[2018.05.15-08.15.42:939][  0]LogAIModule: Creating AISystem for world Untitled
[2018.05.15-08.15.42:951][  0]LogInit: XAudio2 using 'Speakers (Realtek High Definition Audio)' : 2 channels at 48 kHz using 32 bits per sample (channel mask 0x3)
[2018.05.15-08.15.42:997][  0]LogInit: FAudioDevice initialized.
[2018.05.15-08.15.43:098][  0]LogDerivedDataCache: Saved boot cache 0.10s 71MB C:/Users/TEMP.AD/AppData/Local/UnrealEngine/4.18/DerivedDataCache/Boot.ddc.
[2018.05.15-08.15.43:112][  0]LogInit: Texture streaming: Enabled
[2018.05.15-08.15.43:387][  0]LogEngineSessionManager: EngineSessionManager initialized
[2018.05.15-08.15.43:741][  0]LogInit: Transaction tracking system initialized
[2018.05.15-08.15.44:608][  0]BlueprintLog: New page: Editor Load
[2018.05.15-08.15.47:170][  0]LocalizationService: Localization service is disabled
[2018.05.15-08.15.49:157][  0]LogConsoleResponse: Display: 
[2018.05.15-08.15.49:231][  0]LogMaterial: Missing cached shader map for material Cross_Mat, compiling. 
[2018.05.15-08.15.49:264][  0]LogMaterial: Missing cached shader map for material PhAT_BoneSelectedMaterial, compiling. 
[2018.05.15-08.15.49:290][  0]LogMaterial: Missing cached shader map for material PhAT_ElemSelectedMaterial, compiling. 
[2018.05.15-08.15.49:313][  0]LogMaterial: Missing cached shader map for material PhAT_NoCollisionMaterial, compiling. 
[2018.05.15-08.15.49:340][  0]LogMaterial: Missing cached shader map for material PhAT_UnselectedMaterial, compiling. 
[2018.05.15-08.15.49:371][  0]LogMaterial: Missing cached shader map for material Tick_Mat, compiling. 
[2018.05.15-08.15.49:411][  0]LogMaterial: Missing cached shader map for material WidgetGridVertexColorMaterial_Ma, compiling. 
[2018.05.15-08.15.49:434][  0]LogMaterial: Missing cached shader map for material WidgetMaterial, compiling. 
[2018.05.15-08.15.49:458][  0]LogMaterial: Missing cached shader map for material WidgetMaterial_Current, compiling. 
[2018.05.15-08.15.49:482][  0]LogMaterial: Missing cached shader map for material WidgetMaterial_X, compiling. 
[2018.05.15-08.15.49:508][  0]LogMaterial: Missing cached shader map for material WidgetMaterial_Y, compiling. 
[2018.05.15-08.15.49:531][  0]LogMaterial: Missing cached shader map for material WidgetMaterial_Z, compiling. 
[2018.05.15-08.15.49:558][  0]LogMaterial: Missing cached shader map for material WidgetVertexColorMaterial, compiling. 
[2018.05.15-08.15.49:628][  0]LogMaterial: Missing cached shader map for material LevelGridMaterial, compiling. 
[2018.05.15-08.15.49:690][  0]LogMaterial: Missing cached shader map for material BlinkingCaret, compiling. 
[2018.05.15-08.15.49:741][  0]LogMaterial: Missing cached shader map for material M_StreamingPause, compiling. 
[2018.05.15-08.15.49:795][  0]LogCook: Display: Max memory allowance for cook 16384mb min free memory 0mb
[2018.05.15-08.15.49:795][  0]LogCook: Display: Mobile HDR setting 0
[2018.05.15-08.15.49:795][  0]LogGameplayTags: Display: UGameplayTagsManager::DoneAddingNativeTags. DelegateIsBound: 0
[2018.05.15-08.15.50:864][  0]LogFileCache: Scanning file cache for directory 'H:/Unreal/mazegame/Content/' took 0.20s
[2018.05.15-08.15.52:948][  0]SourceControl: Source control is disabled
[2018.05.15-08.15.52:948][  0]Cmd: MAP LOAD FILE="H:/Unreal/mazegame/Content/Untitled_1_Auto3.umap" TEMPLATE=0 SHOWPROGRESS=1 FEATURELEVEL=3
[2018.05.15-08.15.52:967][  0]LightingResults: New page: Lighting Build
[2018.05.15-08.15.53:075][  0]MapCheck: New page: Map Check
[2018.05.15-08.15.53:075][  0]LightingResults: New page: Lighting Build
[2018.05.15-08.15.57:527][  0]LogMaterial: Missing cached shader map for material M_Radial_Gradient, compiling. 
[2018.05.15-08.15.57:579][  0]LogMaterial: Missing cached shader map for material M_Fire_SubUV, compiling. 
[2018.05.15-08.15.57:622][  0]LogMaterial: Missing cached shader map for material M_smoke_subUV, compiling. 
[2018.05.15-08.15.57:792][  0]LogTexture: Display: Building textures: frame_R_tga (AutoDXT, 2048X2048)
[2018.05.15-08.15.57:792][  0]LogMaterial: Missing cached shader map for material M_Sky_Panning_Clouds2, compiling. 
[2018.05.15-08.15.57:826][  0]LogStaticMesh: Building static mesh Battery...
[2018.05.15-08.15.58:005][  0]LogTexture: Display: Building textures: Seamless-Rock-Wall-2_OCC (AutoDXT, 2048X2048)
[2018.05.15-08.15.58:005][  0]LogStaticMesh: Built static mesh [0.18s] /Game/Blueprints/Models/Battery.Battery
[2018.05.15-08.15.58:027][  0]LogStaticMesh: Building static mesh facklaklar_Line001...
[2018.05.15-08.15.58:149][  0]LogStaticMesh: Built static mesh [0.12s] /Game/Blueprints/Models/facklaklar_Line001.facklaklar_Line001
[2018.05.15-08.15.58:156][  0]LogStaticMesh: Building static mesh Bookshelf...
[2018.05.15-08.15.58:166][  0]LogStaticMesh: Built static mesh [0.01s] /Game/Blueprints/Models/Bookshelf.Bookshelf
[2018.05.15-08.15.58:168][  0]LogStaticMesh: Building static mesh Door...
[2018.05.15-08.15.58:204][  0]LogTexture: Display: Building textures: Seamless-Rock-Wall-2_SPEC (AutoDXT, 2048X2048)
[2018.05.15-08.15.58:204][  0]LogStaticMesh: Built static mesh [0.04s] /Game/Blueprints/Models/Door.Door
[2018.05.15-08.15.58:209][  0]LogStaticMesh: Building static mesh Box_Door...
[2018.05.15-08.15.58:219][  0]LogStaticMesh: Built static mesh [0.01s] /Game/Blueprints/Models/Box_Door.Box_Door
[2018.05.15-08.15.58:221][  0]LogStaticMesh: Building static mesh Cylinder...
[2018.05.15-08.15.58:225][  0]LogStaticMesh: Built static mesh [0.00s] /Game/Blueprints/Models/Cylinder.Cylinder
[2018.05.15-08.15.58:226][  0]LogStaticMesh: Building static mesh Door_knob...
[2018.05.15-08.15.58:246][  0]LogStaticMesh: Built static mesh [0.02s] /Game/Blueprints/Models/Door_knob.Door_knob
[2018.05.15-08.15.58:249][  0]LogStaticMesh: Building static mesh frame...
[2018.05.15-08.16.28:993][  0]LogTexture: Display: Building textures: frame_N_tga (BC5, 2048X2048)
[2018.05.15-08.16.28:993][  0]LogTexture: Display: Building textures: frame_C_tga (AutoDXT, 2048X2048)
[2018.05.15-08.16.28:993][  0]LogTexture: Display: Building textures: Seamless-Rock-Wall-2_NRM (BC5, 2048X2048)
[2018.05.15-08.16.28:993][  0]LogTexture: Display: Building textures: Seamless-Rock-Wall-2_COLOR (AutoDXT, 2048X2048)
[2018.05.15-08.16.28:993][  0]LogTexture: Display: Building textures: dirt_ground_texture__tileable___2048x2048__by_fabooguy-d7aopi7_SPEC (AutoDXT, 2048X2048)
[2018.05.15-08.16.28:993][  0]LogTexture: Display: Building textures: dirt_ground_texture__tileable___2048x2048__by_fabooguy-d7aopi7_OCC (AutoDXT, 2048X2048)
[2018.05.15-08.16.28:993][  0]LogTexture: Display: Building textures: dirt_ground_texture__tileable___2048x2048__by_fabooguy-d7aopi7_COLOR (AutoDXT, 2048X2048)
[2018.05.15-08.16.28:993][  0]LogTexture: Display: Building textures: dirt_ground_texture__tileable___2048x2048__by_fabooguy-d7aopi7_NRM (BC5, 2048X2048)
[2018.05.15-08.16.28:993][  0]LogTexture: Display: Building textures: mat_pillar_roughness (AutoDXT, 2048X2048)
[2018.05.15-08.16.28:993][  0]LogTexture: Display: Building textures: mat_pillar_normal (BC5, 2048X2048)
[2018.05.15-08.16.28:993][  0]LogTexture: Display: Building textures: mat_pillar_metallic (AutoDXT, 2048X2048)
[2018.05.15-08.16.28:993][  0]LogTexture: Display: Building textures: mat_pillar_AO (AutoDXT, 2048X2048)
[2018.05.15-08.16.28:993][  0]LogTexture: Display: Building textures: HQ_Lightmap0_1 (AutoDXT, 1024X1024)
[2018.05.15-08.16.28:993][  0]LogTexture: Display: Building textures: mat_pillar_albedo (AutoDXT, 2048X2048)
[2018.05.15-08.16.28:993][  0]LogTexture: Display: Building textures: HQ_Lightmap0_2 (AutoDXT, 512X512)
[2018.05.15-08.16.28:993][  0]LogTexture: Display: Building textures: HQ_Lightmap1_3 (AutoDXT, 64X64)
[2018.05.15-08.16.28:993][  0]LogTexture: Display: Building textures: LQ_Lightmap_0_1 (DXT1, 1024X1024)
[2018.05.15-08.16.28:993][  0]LogTexture: Display: Building textures: LQ_Lightmap_0_2 (DXT1, 512X512)
[2018.05.15-08.16.28:993][  0]LogTexture: Display: Building textures: LQ_Lightmap_1_3 (DXT1, 64X64)
[2018.05.15-08.16.28:993][  0]LogStaticMesh: Built static mesh [30.79s] /Game/Blueprints/Models/frame.frame
[2018.05.15-08.16.29:105][  0]LogStaticMesh: Building static mesh Top_Axe...
[2018.05.15-08.16.29:115][  0]LogStaticMesh: Built static mesh [0.01s] /Game/Blueprints/Models/Top_Axe.Top_Axe
[2018.05.15-08.16.29:116][  0]LogStaticMesh: Building static mesh Blade2_Axe...
[2018.05.15-08.16.29:124][  0]LogStaticMesh: Built static mesh [0.01s] /Game/Blueprints/Models/Blade2_Axe.Blade2_Axe
[2018.05.15-08.16.29:126][  0]LogStaticMesh: Building static mesh Blade3_Axe...
[2018.05.15-08.16.29:133][  0]LogStaticMesh: Built static mesh [0.01s] /Game/Blueprints/Models/Blade3_Axe.Blade3_Axe
[2018.05.15-08.16.29:135][  0]LogStaticMesh: Building static mesh Shaft_Axe...
[2018.05.15-08.16.29:155][  0]LogStaticMesh: Built static mesh [0.02s] /Game/Blueprints/Models/Shaft_Axe.Shaft_Axe
[2018.05.15-08.16.29:159][  0]LogStaticMesh: Building static mesh pelaremindre...
[2018.05.15-08.16.29:233][  0]LogStaticMesh: Built static mesh [0.07s] /Game/Blueprints/Models/pelaremindre.pelaremindre
[2018.05.15-08.16.29:240][  0]LogStaticMesh: Building static mesh shie_Cylinder001...
[2018.05.15-08.16.29:375][  0]LogStaticMesh: Built static mesh [0.14s] /Game/Blueprints/Models/shie_Cylinder001.shie_Cylinder001
[2018.05.15-08.16.29:384][  0]LogStaticMesh: Building static mesh shie_Cylinder002...
[2018.05.15-08.16.29:393][  0]LogStaticMesh: Built static mesh [0.01s] /Game/Blueprints/Models/shie_Cylinder002.shie_Cylinder002
[2018.05.15-08.16.29:395][  0]LogStaticMesh: Building static mesh shie_Cylinder003...
[2018.05.15-08.16.29:397][  0]LogStaticMesh: Built static mesh [0.00s] /Game/Blueprints/Models/shie_Cylinder003.shie_Cylinder003
[2018.05.15-08.16.29:397][  0]LogStaticMesh: Building static mesh stenpelare...
[2018.05.15-08.16.29:405][  0]LogStaticMesh: Built static mesh [0.01s] /Game/Blueprints/Models/stenpelare.stenpelare
[2018.05.15-08.16.29:449][  0]LogMaterial: Missing cached shader map for material M_Wood_Walnut, compiling. 
[2018.05.15-08.16.29:582][  0]LogMaterial: Missing cached shader map for material M_Wood_Oak, compiling. 
[2018.05.15-08.16.29:631][  0]LogMaterial: Missing cached shader map for material Mirror_Mat, compiling. 
[2018.05.15-08.16.29:679][  0]LogMaterial: Missing cached shader map for material M_Metal_Burnished_Steel, compiling. 
[2018.05.15-08.16.29:725][  0]LogMaterial: Missing cached shader map for material StonePillar, compiling. 
[2018.05.15-08.16.29:771][  0]LogMaterial: Missing cached shader map for material Floor, compiling. 
[2018.05.15-08.16.29:804][  0]LogMaterial: Missing cached shader map for material Walls, compiling. 
[2018.05.15-08.16.29:852][  0]LogMaterial: Missing cached shader map for material BasicShapeMaterial, compiling. 
[2018.05.15-08.16.29:935][  0]LogMaterial: Missing cached shader map for material M_Metal_Rust, compiling. 
[2018.05.15-08.16.29:984][  0]LogMaterial: Missing cached shader map for material M_Metal_Copper, compiling. 
[2018.05.15-08.16.30:030][  0]LogMaterial: Missing cached shader map for material M_Metal_Gold, compiling. 
[2018.05.15-08.16.30:076][  0]LogMaterial: Missing cached shader map for material M_Metal_Steel, compiling. 
[2018.05.15-08.16.30:122][  0]LogAIModule: Creating AISystem for world Untitled_1_Auto3
[2018.05.15-08.16.30:365][  0]LogEditorServer: Finished looking for orphan Actors (0.000 secs)
[2018.05.15-08.16.30:392][  0]Cmd: MAP CHECKDEP NOCLEARLOG
[2018.05.15-08.16.30:803][  0]MapCheck: Map check complete: 0 Error(s), 0 Warning(s), took 411.137ms to complete.
[2018.05.15-08.16.30:803][  0]LogFileHelpers: Loading map 'Untitled_1_Auto3' took 37.914
[2018.05.15-08.16.31:091][  0]LogCollectionManager: Loaded 0 collections in 0.015834 seconds
[2018.05.15-08.16.31:299][  0]LogFileCache: Scanning file cache for directory 'H:/Unreal/mazegame/Saved/Collections/' took 0.01s
[2018.05.15-08.16.31:299][  0]LogFileCache: Scanning file cache for directory 'H:/Unreal/mazegame/Content/Developers/johfo522/Collections/' took 0.01s
[2018.05.15-08.16.31:299][  0]LogFileCache: Scanning file cache for directory 'H:/Unreal/mazegame/Content/Collections/' took 0.01s
[2018.05.15-08.16.31:299][  0]LogCollectionManager: Rebuilt the GUID cache for 0 collections in 0.000000 seconds
[2018.05.15-08.16.31:315][  0]LogContentBrowser: Native class hierarchy populated in 0.0138 seconds. Added 2386 classes and 530 folders.
[2018.05.15-08.16.31:480][  0]LogContentBrowser: Native class hierarchy updated for 'WidgetCarousel' in 0.0005 seconds. Added 0 classes and 0 folders.
[2018.05.15-08.16.32:001][  0]LogContentBrowser: Native class hierarchy updated for 'AddContentDialog' in 0.0005 seconds. Added 0 classes and 0 folders.
[2018.05.15-08.16.32:107][  0]LogContentBrowser: Native class hierarchy updated for 'SceneOutliner' in 0.0006 seconds. Added 1 classes and 2 folders.
[2018.05.15-08.16.32:174][  0]LogSlate: Took 0.000270 seconds to synchronously load lazily loaded font '../../../Engine/Content/Slate/Fonts/Roboto-Regular.ttf' (155K)
[2018.05.15-08.16.32:177][  0]LogSlate: Took 0.000337 seconds to synchronously load lazily loaded font '../../../Engine/Content/Slate/Fonts/Roboto-Bold.ttf' (160K)
[2018.05.15-08.16.32:191][  0]LogSlate: Took 0.007536 seconds to synchronously load lazily loaded font '../../../Engine/Content/Editor/Slate/Fonts/FontAwesome.ttf' (139K)
[2018.05.15-08.16.32:291][  0]LogMaterial: Missing cached shader map for material LevelGridMaterial2, compiling. 
[2018.05.15-08.16.32:394][  0]LogRenderer: Reallocating scene render targets to support 1616x808 Format 10 NumSamples 1 (Frame:1).
[2018.05.15-08.16.32:828][  0]LogContentBrowser: Native class hierarchy updated for 'HierarchicalLODOutliner' in 0.0006 seconds. Added 1 classes and 2 folders.
[2018.05.15-08.16.32:829][  0]LogLoad: (Engine Initialization) Total time: 86.98 seconds
[2018.05.15-08.16.32:829][  0]LogLoad: (Engine Initialization) Total Blueprint compile time: 0.00 seconds
[2018.05.15-08.16.32:829][  0]LogExternalProfiler: Found external profiler: VSPerf
[2018.05.15-08.16.32:829][  0]LogExternalProfiler: Using external profiler: VSPerf
[2018.05.15-08.16.33:221][  0]LogDirectoryWatcher: A directory notification failed for 'H:/Unreal/mazegame/Content/' because it was empty or there was a buffer overflow. Attemping another request...
[2018.05.15-08.16.33:223][  0]LogDirectoryWatcher: A directory notification failed for 'H:/Unreal/mazegame/Content/', and we were unable to create a new request.
[2018.05.15-08.16.33:223][  0]LogDirectoryWatcher: A directory notification failed for 'H:/Unreal/mazegame/Saved/Collections/' because it was empty or there was a buffer overflow. Attemping another request...
[2018.05.15-08.16.33:223][  0]LogDirectoryWatcher: A directory notification failed for 'H:/Unreal/mazegame/Content/Developers/johfo522/Collections/' because it was empty or there was a buffer overflow. Attemping another request...
[2018.05.15-08.16.33:223][  0]LogDirectoryWatcher: A directory notification failed for 'H:/Unreal/mazegame/Content/Collections/' because it was empty or there was a buffer overflow. Attemping another request...
[2018.05.15-08.16.33:228][  0]LogContentStreaming: Texture pool size now 1000 MB
[2018.05.15-08.16.33:591][  1]LogAssetRegistry: Asset discovery search completed in 73.3239 seconds
[2018.05.15-08.16.33:594][  1]LogCollectionManager: Rebuilt the object cache for 0 collections in 0.000001 seconds (found 0 objects)
[2018.05.15-08.16.33:594][  1]LogCollectionManager: Fixed up redirectors for 0 collections in 0.000082 seconds (updated 0 objects)
[2018.05.15-08.16.33:594][  1]LogDirectoryWatcher: A directory notification failed for 'H:/Unreal/mazegame/Saved/Collections/' because it was empty or there was a buffer overflow. Attemping another request...
[2018.05.15-08.16.33:615][  1]LogDirectoryWatcher: A directory notification failed for 'H:/Unreal/mazegame/Saved/Collections/', and we were unable to create a new request.
[2018.05.15-08.16.33:615][  1]LogDirectoryWatcher: A directory notification failed for 'H:/Unreal/mazegame/Content/Developers/johfo522/Collections/' because it was empty or there was a buffer overflow. Attemping another request...
[2018.05.15-08.16.33:617][  1]LogDirectoryWatcher: A directory notification failed for 'H:/Unreal/mazegame/Content/Developers/johfo522/Collections/', and we were unable to create a new request.
[2018.05.15-08.16.33:617][  1]LogDirectoryWatcher: A directory notification failed for 'H:/Unreal/mazegame/Content/Collections/' because it was empty or there was a buffer overflow. Attemping another request...
[2018.05.15-08.16.33:618][  1]LogDirectoryWatcher: A directory notification failed for 'H:/Unreal/mazegame/Content/Collections/', and we were unable to create a new request.
[2018.05.15-08.16.36:195][  9]LogSlate: Took 0.007091 seconds to synchronously load lazily loaded font '../../../Engine/Content/Slate/Fonts/Roboto-Light.ttf' (159K)
[2018.05.15-08.16.38:688][ 16]LogFileCache: Retrieving MD5 hashes for directory 'H:/Unreal/mazegame/Content/' took 5.52s
[2018.05.15-08.16.53:477][700]Cmd: CAMERA ALIGN ACTIVEVIEWPORTONLY
[2018.05.15-08.16.59:460][975]LogTemp: Repeating last play command: Selected Viewport
[2018.05.15-08.17.00:134][975]LogBlueprintUserMessages: Early PlayInEditor Detection: Level '/Game/Untitled_1_Auto3.Untitled_1_Auto3:PersistentLevel' has LevelScriptBlueprint '/Game/Untitled_1_Auto3.Untitled_1_Auto3:PersistentLevel.Untitled_1_Auto3' with GeneratedClass '/Game/Untitled_1_Auto3.Untitled_1_Auto3_C' with ClassGeneratedBy '/Game/Untitled_1_Auto3.Untitled_1_Auto3:PersistentLevel.Untitled_1_Auto3'
[2018.05.15-08.17.00:136][975]LogPlayLevel: PlayLevel: No blueprints needed recompiling
[2018.05.15-08.17.00:137][975]PIE: New page: PIE session: Untitled_1_Auto3 (May 15, 2018, 12:17:00 PM)
[2018.05.15-08.17.00:137][975]LogPlayLevel: Creating play world package: /Game/UEDPIE_0_Untitled_1_Auto3
[2018.05.15-08.17.00:155][975]LogPlayLevel: PIE: StaticDuplicateObject took: (0.017849s)
[2018.05.15-08.17.00:156][975]LogAIModule: Creating AISystem for world Untitled_1_Auto3
[2018.05.15-08.17.00:156][975]LogPlayLevel: PIE: World Init took: (0.001217s)
[2018.05.15-08.17.00:157][975]LogPlayLevel: PIE: Created PIE world by copying editor world from /Game/Untitled_1_Auto3.Untitled_1_Auto3 to /Game/UEDPIE_0_Untitled_1_Auto3.Untitled_1_Auto3 (0.019521s)
[2018.05.15-08.17.00:172][975]LogInit: XAudio2 using 'Speakers (Realtek High Definition Audio)' : 2 channels at 48 kHz using 32 bits per sample (channel mask 0x3)
[2018.05.15-08.17.00:187][975]LogInit: FAudioDevice initialized.
[2018.05.15-08.17.00:322][975]LogTexture: Display: Building textures: circle (AutoDXT, 256X256)
[2018.05.15-08.17.00:322][975]LogLoad: Game class is 'NewGameMode_C'
[2018.05.15-08.17.00:332][975]LogWorld: Bringing World /Game/UEDPIE_0_Untitled_1_Auto3.Untitled_1_Auto3 up for play (max tick rate 0) at 2018.05.15-10.17.00
[2018.05.15-08.17.00:333][975]LogWorld: Bringing up level for play took: 0.008843
[2018.05.15-08.17.00:500][975]LogContentBrowser: Native class hierarchy updated for 'MovieSceneCapture' in 0.0019 seconds. Added 11 classes and 0 folders.
[2018.05.15-08.17.00:503][975]PIE: Play in editor start time for /Game/UEDPIE_0_Untitled_1_Auto3 0.9
[2018.05.15-08.17.00:503][975]LogBlueprintUserMessages: Late PlayInEditor Detection: Level '/Game/Untitled_1_Auto3.Untitled_1_Auto3:PersistentLevel' has LevelScriptBlueprint '/Game/Untitled_1_Auto3.Untitled_1_Auto3:PersistentLevel.Untitled_1_Auto3' with GeneratedClass '/Game/Untitled_1_Auto3.Untitled_1_Auto3_C' with ClassGeneratedBy '/Game/Untitled_1_Auto3.Untitled_1_Auto3:PersistentLevel.Untitled_1_Auto3'
[2018.05.15-08.17.00:509][975]LogBlueprintUserMessages: [GearVR_Char_C_0] Floor
[2018.05.15-08.17.00:561][976]LogBlueprintUserMessages: [GearVR_Char_C_0] 
[2018.05.15-08.17.00:591][977]LogBlueprintUserMessages: [GearVR_Char_C_0] Book2
[2018.05.15-08.17.00:612][978]LogBlueprintUserMessages: [GearVR_Char_C_0] Book2
[2018.05.15-08.17.00:629][979]LogBlueprintUserMessages: [GearVR_Char_C_0] Book2
[2018.05.15-08.17.00:645][980]LogBlueprintUserMessages: [GearVR_Char_C_0] Book2
[2018.05.15-08.17.00:663][981]LogBlueprintUserMessages: [GearVR_Char_C_0] Book2
[2018.05.15-08.17.00:681][982]LogBlueprintUserMessages: [GearVR_Char_C_0] Book2
[2018.05.15-08.17.00:698][983]LogBlueprintUserMessages: [GearVR_Char_C_0] Book2
[2018.05.15-08.17.00:713][984]LogBlueprintUserMessages: [GearVR_Char_C_0] Book2
[2018.05.15-08.17.00:729][985]LogBlueprintUserMessages: [GearVR_Char_C_0] Book2
[2018.05.15-08.17.00:746][986]LogBlueprintUserMessages: [GearVR_Char_C_0] Book2
[2018.05.15-08.17.00:766][987]LogBlueprintUserMessages: [GearVR_Char_C_0] Book2
[2018.05.15-08.17.00:782][988]LogBlueprintUserMessages: [GearVR_Char_C_0] Cube121
[2018.05.15-08.17.00:800][989]LogBlueprintUserMessages: [GearVR_Char_C_0] Cube121
[2018.05.15-08.17.00:815][990]LogBlueprintUserMessages: [GearVR_Char_C_0] Book2
[2018.05.15-08.17.00:833][991]LogBlueprintUserMessages: [GearVR_Char_C_0] Book2
[2018.05.15-08.17.00:849][992]LogBlueprintUserMessages: [GearVR_Char_C_0] Book2
[2018.05.15-08.17.00:864][993]LogBlueprintUserMessages: [GearVR_Char_C_0] Book2
[2018.05.15-08.17.00:882][994]LogBlueprintUserMessages: [GearVR_Char_C_0] Book2
[2018.05.15-08.17.00:899][995]LogBlueprintUserMessages: [GearVR_Char_C_0] Book2
[2018.05.15-08.17.00:917][996]LogBlueprintUserMessages: [GearVR_Char_C_0] Book2
[2018.05.15-08.17.00:936][997]LogBlueprintUserMessages: [GearVR_Char_C_0] Book2
[2018.05.15-08.17.00:950][998]LogBlueprintUserMessages: [GearVR_Char_C_0] Cube135
[2018.05.15-08.17.00:967][999]LogBlueprintUserMessages: [GearVR_Char_C_0] Cube135
[2018.05.15-08.17.00:984][  0]LogBlueprintUserMessages: [GearVR_Char_C_0] Cube135
[2018.05.15-08.17.01:000][  1]LogBlueprintUserMessages: [GearVR_Char_C_0] Cube135
[2018.05.15-08.17.01:014][  2]LogBlueprintUserMessages: [GearVR_Char_C_0] Cube135
[2018.05.15-08.17.01:031][  3]LogBlueprintUserMessages: [GearVR_Char_C_0] Cube135
[2018.05.15-08.17.01:048][  4]LogBlueprintUserMessages: [GearVR_Char_C_0] Cube135
[2018.05.15-08.17.01:065][  5]LogBlueprintUserMessages: [GearVR_Char_C_0] Cube135
[2018.05.15-08.17.01:082][  6]LogBlueprintUserMessages: [GearVR_Char_C_0] Cube135
[2018.05.15-08.17.01:100][  7]LogBlueprintUserMessages: [GearVR_Char_C_0] Cube135
[2018.05.15-08.17.01:114][  8]LogBlueprintUserMessages: [GearVR_Char_C_0] Cube135
[2018.05.15-08.17.01:131][  9]LogBlueprintUserMessages: [GearVR_Char_C_0] Cube135
[2018.05.15-08.17.01:148][ 10]LogBlueprintUserMessages: [GearVR_Char_C_0] Cube135
[2018.05.15-08.17.01:166][ 11]LogBlueprintUserMessages: [GearVR_Char_C_0] Cube135
[2018.05.15-08.17.01:182][ 12]LogBlueprintUserMessages: [GearVR_Char_C_0] Cube135
[2018.05.15-08.17.01:200][ 13]LogBlueprintUserMessages: [GearVR_Char_C_0] Cube135
[2018.05.15-08.17.01:218][ 14]LogBlueprintUserMessages: [GearVR_Char_C_0] Cube135
[2018.05.15-08.17.01:233][ 15]LogBlueprintUserMessages: [GearVR_Char_C_0] Cube135
[2018.05.15-08.17.01:250][ 16]LogBlueprintUserMessages: [GearVR_Char_C_0] Cube135
[2018.05.15-08.17.01:265][ 17]LogBlueprintUserMessages: [GearVR_Char_C_0] Cube135
[2018.05.15-08.17.01:282][ 18]LogBlueprintUserMessages: [GearVR_Char_C_0] Cube135
[2018.05.15-08.17.01:299][ 19]LogBlueprintUserMessages: [GearVR_Char_C_0] Cube135
[2018.05.15-08.17.01:316][ 20]LogBlueprintUserMessages: [GearVR_Char_C_0] Book2
[2018.05.15-08.17.01:334][ 21]LogBlueprintUserMessages: [GearVR_Char_C_0] Book2
[2018.05.15-08.17.01:350][ 22]LogBlueprintUserMessages: [GearVR_Char_C_0] Book2
[2018.05.15-08.17.01:368][ 23]LogBlueprintUserMessages: [GearVR_Char_C_0] Book2
[2018.05.15-08.17.01:383][ 24]LogBlueprintUserMessages: [GearVR_Char_C_0] Book2
[2018.05.15-08.17.01:402][ 25]LogBlueprintUserMessages: [GearVR_Char_C_0] Book2
[2018.05.15-08.17.01:417][ 26]LogBlueprintUserMessages: [GearVR_Char_C_0] Book2
[2018.05.15-08.17.01:433][ 27]LogBlueprintUserMessages: [GearVR_Char_C_0] Book2
[2018.05.15-08.17.01:449][ 28]LogBlueprintUserMessages: [GearVR_Char_C_0] Book2
[2018.05.15-08.17.01:466][ 29]LogBlueprintUserMessages: [GearVR_Char_C_0] Book2
[2018.05.15-08.17.01:484][ 30]LogBlueprintUserMessages: [GearVR_Char_C_0] Book2
[2018.05.15-08.17.01:501][ 31]LogBlueprintUserMessages: [GearVR_Char_C_0] Book2
[2018.05.15-08.17.01:518][ 32]LogBlueprintUserMessages: [GearVR_Char_C_0] Book2
[2018.05.15-08.17.01:537][ 33]LogBlueprintUserMessages: [GearVR_Char_C_0] Book2
[2018.05.15-08.17.01:555][ 34]LogBlueprintUserMessages: [GearVR_Char_C_0] Book2
[2018.05.15-08.17.01:570][ 35]LogBlueprintUserMessages: [GearVR_Char_C_0] Book2
[2018.05.15-08.17.01:586][ 36]LogBlueprintUserMessages: [GearVR_Char_C_0] Book2
[2018.05.15-08.17.01:603][ 37]LogBlueprintUserMessages: [GearVR_Char_C_0] Book2
[2018.05.15-08.17.01:621][ 38]LogBlueprintUserMessages: [GearVR_Char_C_0] Book2
[2018.05.15-08.17.01:637][ 39]LogBlueprintUserMessages: [GearVR_Char_C_0] Book2
[2018.05.15-08.17.01:652][ 40]LogBlueprintUserMessages: [GearVR_Char_C_0] Book2
[2018.05.15-08.17.01:669][ 41]LogBlueprintUserMessages: [GearVR_Char_C_0] Book2
[2018.05.15-08.17.01:684][ 42]LogBlueprintUserMessages: [GearVR_Char_C_0] Book2
[2018.05.15-08.17.01:704][ 43]LogBlueprintUserMessages: [GearVR_Char_C_0] Book2
[2018.05.15-08.17.01:719][ 44]LogBlueprintUserMessages: [GearVR_Char_C_0] Book2
[2018.05.15-08.17.01:735][ 45]LogBlueprintUserMessages: [GearVR_Char_C_0] Book2
[2018.05.15-08.17.01:749][ 46]LogBlueprintUserMessages: [GearVR_Char_C_0] Book2
[2018.05.15-08.17.01:764][ 47]LogBlueprintUserMessages: [GearVR_Char_C_0] Book2
[2018.05.15-08.17.01:781][ 48]LogBlueprintUserMessages: [GearVR_Char_C_0] Book2
[2018.05.15-08.17.01:796][ 49]LogBlueprintUserMessages: [GearVR_Char_C_0] Book2
[2018.05.15-08.17.01:812][ 50]LogBlueprintUserMessages: [GearVR_Char_C_0] Book2
[2018.05.15-08.17.01:828][ 51]LogBlueprintUserMessages: [GearVR_Char_C_0] Book2
[2018.05.15-08.17.01:844][ 52]LogBlueprintUserMessages: [GearVR_Char_C_0] Book2
[2018.05.15-08.17.01:860][ 53]LogBlueprintUserMessages: [GearVR_Char_C_0] Book2
[2018.05.15-08.17.01:876][ 54]LogBlueprintUserMessages: [GearVR_Char_C_0] Book2
[2018.05.15-08.17.01:891][ 55]LogBlueprintUserMessages: [GearVR_Char_C_0] Book2
[2018.05.15-08.17.01:907][ 56]LogBlueprintUserMessages: [GearVR_Char_C_0] Book2
[2018.05.15-08.17.01:922][ 57]LogBlueprintUserMessages: [GearVR_Char_C_0] Book2
[2018.05.15-08.17.01:940][ 58]LogBlueprintUserMessages: [GearVR_Char_C_0] Book2
[2018.05.15-08.17.01:958][ 59]LogBlueprintUserMessages: [GearVR_Char_C_0] Book2
[2018.05.15-08.17.01:975][ 60]LogBlueprintUserMessages: [GearVR_Char_C_0] Book2
[2018.05.15-08.17.01:993][ 61]LogBlueprintUserMessages: [GearVR_Char_C_0] Book2
[2018.05.15-08.17.02:007][ 62]LogBlueprintUserMessages: [GearVR_Char_C_0] Book2
[2018.05.15-08.17.02:023][ 63]LogBlueprintUserMessages: [GearVR_Char_C_0] Book2
[2018.05.15-08.17.02:037][ 64]LogBlueprintUserMessages: [GearVR_Char_C_0] Book2
[2018.05.15-08.17.02:052][ 65]LogBlueprintUserMessages: [GearVR_Char_C_0] Book2
[2018.05.15-08.17.02:066][ 66]LogBlueprintUserMessages: [GearVR_Char_C_0] Book2
[2018.05.15-08.17.02:085][ 67]LogBlueprintUserMessages: [GearVR_Char_C_0] Book2
[2018.05.15-08.17.02:102][ 68]LogBlueprintUserMessages: [GearVR_Char_C_0] Book2
[2018.05.15-08.17.02:121][ 69]LogBlueprintUserMessages: [GearVR_Char_C_0] Book2
[2018.05.15-08.17.02:138][ 70]LogBlueprintUserMessages: [GearVR_Char_C_0] Book2
[2018.05.15-08.17.02:152][ 71]LogBlueprintUserMessages: [GearVR_Char_C_0] Book2
[2018.05.15-08.17.02:167][ 72]LogBlueprintUserMessages: [GearVR_Char_C_0] Book2
[2018.05.15-08.17.02:184][ 73]LogBlueprintUserMessages: [GearVR_Char_C_0] Book2
[2018.05.15-08.17.02:201][ 74]LogBlueprintUserMessages: [GearVR_Char_C_0] Book2
[2018.05.15-08.17.02:219][ 75]LogBlueprintUserMessages: [GearVR_Char_C_0] Book2
[2018.05.15-08.17.02:235][ 76]LogBlueprintUserMessages: [GearVR_Char_C_0] Book2
[2018.05.15-08.17.02:252][ 77]LogBlueprintUserMessages: [GearVR_Char_C_0] Book2
[2018.05.15-08.17.02:269][ 78]LogBlueprintUserMessages: [GearVR_Char_C_0] Book2
[2018.05.15-08.17.02:289][ 79]LogBlueprintUserMessages: [GearVR_Char_C_0] Book2
[2018.05.15-08.17.02:306][ 80]LogBlueprintUserMessages: [GearVR_Char_C_0] Book2
[2018.05.15-08.17.02:323][ 81]LogBlueprintUserMessages: [GearVR_Char_C_0] Book2
[2018.05.15-08.17.02:341][ 82]LogBlueprintUserMessages: [GearVR_Char_C_0] Book2
[2018.05.15-08.17.02:359][ 83]LogBlueprintUserMessages: [GearVR_Char_C_0] Book2
[2018.05.15-08.17.02:374][ 84]LogBlueprintUserMessages: [GearVR_Char_C_0] Book2
[2018.05.15-08.17.02:390][ 85]LogBlueprintUserMessages: [GearVR_Char_C_0] Book2
[2018.05.15-08.17.02:405][ 86]LogBlueprintUserMessages: [GearVR_Char_C_0] Book2
[2018.05.15-08.17.02:422][ 87]LogBlueprintUserMessages: [GearVR_Char_C_0] Book2
[2018.05.15-08.17.02:437][ 88]LogBlueprintUserMessages: [GearVR_Char_C_0] Book2
[2018.05.15-08.17.02:453][ 89]LogBlueprintUserMessages: [GearVR_Char_C_0] Book2
[2018.05.15-08.17.02:468][ 90]LogBlueprintUserMessages: [GearVR_Char_C_0] Book2
[2018.05.15-08.17.02:485][ 91]LogBlueprintUserMessages: [GearVR_Char_C_0] Book2
[2018.05.15-08.17.02:500][ 92]LogBlueprintUserMessages: [GearVR_Char_C_0] Book2
[2018.05.15-08.17.02:519][ 93]LogBlueprintUserMessages: [GearVR_Char_C_0] Book2
[2018.05.15-08.17.02:534][ 94]LogBlueprintUserMessages: [GearVR_Char_C_0] Book2
[2018.05.15-08.17.02:551][ 95]LogBlueprintUserMessages: [GearVR_Char_C_0] Book2
[2018.05.15-08.17.02:568][ 96]LogBlueprintUserMessages: [GearVR_Char_C_0] Book2
[2018.05.15-08.17.02:585][ 97]LogBlueprintUserMessages: [GearVR_Char_C_0] Book2
[2018.05.15-08.17.02:602][ 98]LogBlueprintUserMessages: [GearVR_Char_C_0] Book2
[2018.05.15-08.17.02:622][ 99]LogBlueprintUserMessages: [GearVR_Char_C_0] Cube121
[2018.05.15-08.17.02:638][100]LogBlueprintUserMessages: [GearVR_Char_C_0] Cube120
[2018.05.15-08.17.02:654][101]LogBlueprintUserMessages: [GearVR_Char_C_0] Cube120
[2018.05.15-08.17.02:669][102]LogBlueprintUserMessages: [GearVR_Char_C_0] Cube120
[2018.05.15-08.17.02:686][103]LogBlueprintUserMessages: [GearVR_Char_C_0] Cube120
[2018.05.15-08.17.02:703][104]LogBlueprintUserMessages: [GearVR_Char_C_0] Cube120
[2018.05.15-08.17.02:720][105]LogBlueprintUserMessages: [GearVR_Char_C_0] Cube120
[2018.05.15-08.17.02:738][106]LogBlueprintUserMessages: [GearVR_Char_C_0] Cube120
[2018.05.15-08.17.02:754][107]LogBlueprintUserMessages: [GearVR_Char_C_0] Cube136
[2018.05.15-08.17.02:770][108]LogBlueprintUserMessages: [GearVR_Char_C_0] Cube126
[2018.05.15-08.17.02:788][109]LogBlueprintUserMessages: [GearVR_Char_C_0] Cube126
[2018.05.15-08.17.02:804][110]LogBlueprintUserMessages: [GearVR_Char_C_0] Cube126
[2018.05.15-08.17.02:822][111]LogBlueprintUserMessages: [GearVR_Char_C_0] Cube126
[2018.05.15-08.17.02:838][112]LogBlueprintUserMessages: [GearVR_Char_C_0] Cube126
[2018.05.15-08.17.02:855][113]LogBlueprintUserMessages: [GearVR_Char_C_0] Cube126
[2018.05.15-08.17.02:873][114]LogBlueprintUserMessages: [GearVR_Char_C_0] Cube126
[2018.05.15-08.17.02:888][115]LogBlueprintUserMessages: [GearVR_Char_C_0] Cube126
[2018.05.15-08.17.02:904][116]LogBlueprintUserMessages: [GearVR_Char_C_0] Cube126
[2018.05.15-08.17.02:921][117]LogBlueprintUserMessages: [GearVR_Char_C_0] Cube126
[2018.05.15-08.17.02:938][118]LogBlueprintUserMessages: [GearVR_Char_C_0] Cube126
[2018.05.15-08.17.02:955][119]LogBlueprintUserMessages: [GearVR_Char_C_0] Cube126
[2018.05.15-08.17.02:972][120]LogBlueprintUserMessages: [GearVR_Char_C_0] Cube126
[2018.05.15-08.17.02:989][121]LogBlueprintUserMessages: [GearVR_Char_C_0] Cube126
[2018.05.15-08.17.03:006][122]LogBlueprintUserMessages: [GearVR_Char_C_0] Cube126
[2018.05.15-08.17.03:022][123]LogBlueprintUserMessages: [GearVR_Char_C_0] Cube126
[2018.05.15-08.17.03:039][124]LogBlueprintUserMessages: [GearVR_Char_C_0] Cube126
[2018.05.15-08.17.03:058][125]LogBlueprintUserMessages: [GearVR_Char_C_0] Cube126
[2018.05.15-08.17.03:076][126]LogBlueprintUserMessages: [GearVR_Char_C_0] Cube126
[2018.05.15-08.17.03:091][127]LogBlueprintUserMessages: [GearVR_Char_C_0] Cube126
[2018.05.15-08.17.03:106][128]LogBlueprintUserMessages: [GearVR_Char_C_0] Cube126
[2018.05.15-08.17.03:124][129]LogBlueprintUserMessages: [GearVR_Char_C_0] Cube126
[2018.05.15-08.17.03:140][130]LogBlueprintUserMessages: [GearVR_Char_C_0] Cube126
[2018.05.15-08.17.03:157][131]LogBlueprintUserMessages: [GearVR_Char_C_0] Book1
[2018.05.15-08.17.03:175][132]LogBlueprintUserMessages: [GearVR_Char_C_0] Book1
[2018.05.15-08.17.03:194][133]LogBlueprintUserMessages: [GearVR_Char_C_0] Book1
[2018.05.15-08.17.03:213][134]LogBlueprintUserMessages: [GearVR_Char_C_0] Book1
[2018.05.15-08.17.03:233][135]LogBlueprintUserMessages: [GearVR_Char_C_0] Book1
[2018.05.15-08.17.03:251][136]LogBlueprintUserMessages: [GearVR_Char_C_0] Book1
[2018.05.15-08.17.03:267][137]LogBlueprintUserMessages: [GearVR_Char_C_0] Book1
[2018.05.15-08.17.03:284][138]LogBlueprintUserMessages: [GearVR_Char_C_0] Book1
[2018.05.15-08.17.03:301][139]LogBlueprintUserMessages: [GearVR_Char_C_0] Book1
[2018.05.15-08.17.03:320][140]LogBlueprintUserMessages: [GearVR_Char_C_0] Book1
[2018.05.15-08.17.03:336][141]LogBlueprintUserMessages: [GearVR_Char_C_0] Book1
[2018.05.15-08.17.03:351][142]LogBlueprintUserMessages: [GearVR_Char_C_0] Book1
[2018.05.15-08.17.03:366][143]LogBlueprintUserMessages: [GearVR_Char_C_0] Book1
[2018.05.15-08.17.03:386][144]LogBlueprintUserMessages: [GearVR_Char_C_0] Book1
[2018.05.15-08.17.03:403][145]LogBlueprintUserMessages: [GearVR_Char_C_0] Book1
[2018.05.15-08.17.03:422][146]LogBlueprintUserMessages: [GearVR_Char_C_0] Book1
[2018.05.15-08.17.03:439][147]LogBlueprintUserMessages: [GearVR_Char_C_0] Book1
[2018.05.15-08.17.03:453][148]LogBlueprintUserMessages: [GearVR_Char_C_0] Book1
[2018.05.15-08.17.03:469][149]LogBlueprintUserMessages: [GearVR_Char_C_0] Book1
[2018.05.15-08.17.03:487][150]LogBlueprintUserMessages: [GearVR_Char_C_0] Book1
[2018.05.15-08.17.03:504][151]LogBlueprintUserMessages: [GearVR_Char_C_0] Book1
[2018.05.15-08.17.03:520][152]LogBlueprintUserMessages: [GearVR_Char_C_0] Book1
[2018.05.15-08.17.03:536][153]LogBlueprintUserMessages: [GearVR_Char_C_0] Book1
[2018.05.15-08.17.03:552][154]LogBlueprintUserMessages: [GearVR_Char_C_0] Book1
[2018.05.15-08.17.03:569][155]LogBlueprintUserMessages: [GearVR_Char_C_0] Book1
[2018.05.15-08.17.03:586][156]LogBlueprintUserMessages: [GearVR_Char_C_0] Book1
[2018.05.15-08.17.03:602][157]LogBlueprintUserMessages: [GearVR_Char_C_0] Cube126
[2018.05.15-08.17.03:621][158]LogBlueprintUserMessages: [GearVR_Char_C_0] Cube126
[2018.05.15-08.17.03:639][159]LogBlueprintUserMessages: [GearVR_Char_C_0] Cube126
[2018.05.15-08.17.03:658][160]LogBlueprintUserMessages: [GearVR_Char_C_0] Cube126
[2018.05.15-08.17.03:677][161]LogBlueprintUserMessages: [GearVR_Char_C_0] Cube126
[2018.05.15-08.17.03:696][162]LogBlueprintUserMessages: [GearVR_Char_C_0] Cube126
[2018.05.15-08.17.03:715][163]LogBlueprintUserMessages: [GearVR_Char_C_0] Cube126
[2018.05.15-08.17.03:734][164]LogBlueprintUserMessages: [GearVR_Char_C_0] Cube126
[2018.05.15-08.17.03:754][165]LogBlueprintUserMessages: [GearVR_Char_C_0] Cube126
[2018.05.15-08.17.03:774][166]LogBlueprintUserMessages: [GearVR_Char_C_0] Cube126
[2018.05.15-08.17.03:794][167]LogBlueprintUserMessages: [GearVR_Char_C_0] Cube126
[2018.05.15-08.17.03:812][168]LogBlueprintUserMessages: [GearVR_Char_C_0] Cube126
[2018.05.15-08.17.03:830][169]LogBlueprintUserMessages: [GearVR_Char_C_0] Cube126
[2018.05.15-08.17.03:849][170]LogBlueprintUserMessages: [GearVR_Char_C_0] Cube126
[2018.05.15-08.17.03:868][171]LogBlueprintUserMessages: [GearVR_Char_C_0] Cube126
[2018.05.15-08.17.03:887][172]LogBlueprintUserMessages: [GearVR_Char_C_0] Cube126
[2018.05.15-08.17.03:904][173]LogBlueprintUserMessages: [GearVR_Char_C_0] Cube126
[2018.05.15-08.17.03:923][174]LogBlueprintUserMessages: [GearVR_Char_C_0] Cube126
[2018.05.15-08.17.03:943][175]LogBlueprintUserMessages: [GearVR_Char_C_0] Cube126
[2018.05.15-08.17.03:961][176]LogBlueprintUserMessages: [GearVR_Char_C_0] Cube126
[2018.05.15-08.17.03:979][177]LogBlueprintUserMessages: [GearVR_Char_C_0] Cube126
[2018.05.15-08.17.03:998][178]LogBlueprintUserMessages: [GearVR_Char_C_0] Cube126
[2018.05.15-08.17.04:018][179]LogBlueprintUserMessages: [GearVR_Char_C_0] Cube126
[2018.05.15-08.17.04:038][180]LogBlueprintUserMessages: [GearVR_Char_C_0] Book3
[2018.05.15-08.17.04:056][181]LogBlueprintUserMessages: [GearVR_Char_C_0] Book3
[2018.05.15-08.17.04:074][182]LogBlueprintUserMessages: [GearVR_Char_C_0] Book3
[2018.05.15-08.17.04:093][183]LogBlueprintUserMessages: [GearVR_Char_C_0] Book3
[2018.05.15-08.17.04:112][184]LogBlueprintUserMessages: [GearVR_Char_C_0] Book3
[2018.05.15-08.17.04:132][185]LogBlueprintUserMessages: [GearVR_Char_C_0] Book3
[2018.05.15-08.17.04:151][186]LogBlueprintUserMessages: [GearVR_Char_C_0] Book3
[2018.05.15-08.17.04:170][187]LogBlueprintUserMessages: [GearVR_Char_C_0] Book3
[2018.05.15-08.17.04:189][188]LogBlueprintUserMessages: [GearVR_Char_C_0] Book3
[2018.05.15-08.17.04:208][189]LogBlueprintUserMessages: [GearVR_Char_C_0] Book3
[2018.05.15-08.17.04:227][190]LogBlueprintUserMessages: [GearVR_Char_C_0] Book3
[2018.05.15-08.17.04:245][191]LogBlueprintUserMessages: [GearVR_Char_C_0] Book3
[2018.05.15-08.17.04:264][192]LogBlueprintUserMessages: [GearVR_Char_C_0] Book3
[2018.05.15-08.17.04:282][193]LogBlueprintUserMessages: [GearVR_Char_C_0] Book3
[2018.05.15-08.17.04:301][194]LogBlueprintUserMessages: [GearVR_Char_C_0] Book3
[2018.05.15-08.17.04:320][195]LogBlueprintUserMessages: [GearVR_Char_C_0] Cube126
[2018.05.15-08.17.04:338][196]LogBlueprintUserMessages: [GearVR_Char_C_0] Cube136
[2018.05.15-08.17.04:357][197]LogBlueprintUserMessages: [GearVR_Char_C_0] Cube136
[2018.05.15-08.17.04:376][198]LogBlueprintUserMessages: [GearVR_Char_C_0] Cube136
[2018.05.15-08.17.04:394][199]LogBlueprintUserMessages: [GearVR_Char_C_0] Cube120
[2018.05.15-08.17.04:412][200]LogBlueprintUserMessages: [GearVR_Char_C_0] Cube120
[2018.05.15-08.17.04:431][201]LogBlueprintUserMessages: [GearVR_Char_C_0] Cube120
[2018.05.15-08.17.04:450][202]LogBlueprintUserMessages: [GearVR_Char_C_0] Cube120
[2018.05.15-08.17.04:469][203]LogBlueprintUserMessages: [GearVR_Char_C_0] Cube120
[2018.05.15-08.17.04:488][204]LogBlueprintUserMessages: [GearVR_Char_C_0] Cube120
[2018.05.15-08.17.04:506][205]LogBlueprintUserMessages: [GearVR_Char_C_0] Cube120
[2018.05.15-08.17.04:522][206]LogBlueprintUserMessages: [GearVR_Char_C_0] Cube120
[2018.05.15-08.17.04:538][207]LogBlueprintUserMessages: [GearVR_Char_C_0] Cube120
[2018.05.15-08.17.04:555][208]LogBlueprintUserMessages: [GearVR_Char_C_0] Cube120
[2018.05.15-08.17.04:574][209]LogBlueprintUserMessages: [GearVR_Char_C_0] Cube120
[2018.05.15-08.17.04:590][210]LogBlueprintUserMessages: [GearVR_Char_C_0] Cube120
[2018.05.15-08.17.04:604][211]LogBlueprintUserMessages: [GearVR_Char_C_0] Cube120
[2018.05.15-08.17.04:620][212]LogBlueprintUserMessages: [GearVR_Char_C_0] Cube120
[2018.05.15-08.17.04:637][213]LogBlueprintUserMessages: [GearVR_Char_C_0] Cube120
[2018.05.15-08.17.04:653][214]LogBlueprintUserMessages: [GearVR_Char_C_0] Cube120
[2018.05.15-08.17.04:671][215]LogBlueprintUserMessages: [GearVR_Char_C_0] Cube120
[2018.05.15-08.17.04:687][216]LogBlueprintUserMessages: [GearVR_Char_C_0] Cube120
[2018.05.15-08.17.04:704][217]LogBlueprintUserMessages: [GearVR_Char_C_0] Cube120
[2018.05.15-08.17.04:722][218]LogBlueprintUserMessages: [GearVR_Char_C_0] Book4
[2018.05.15-08.17.04:739][219]LogBlueprintUserMessages: [GearVR_Char_C_0] Book4
[2018.05.15-08.17.04:759][220]LogBlueprintUserMessages: [GearVR_Char_C_0] Book4
[2018.05.15-08.17.04:778][221]LogBlueprintUserMessages: [GearVR_Char_C_0] Book4
[2018.05.15-08.17.04:796][222]LogBlueprintUserMessages: [GearVR_Char_C_0] Book4
[2018.05.15-08.17.04:812][223]LogBlueprintUserMessages: [GearVR_Char_C_0] Book4
[2018.05.15-08.17.04:829][224]LogBlueprintUserMessages: [GearVR_Char_C_0] Book4
[2018.05.15-08.17.04:847][225]LogBlueprintUserMessages: [GearVR_Char_C_0] Book4
[2018.05.15-08.17.04:865][226]LogBlueprintUserMessages: [GearVR_Char_C_0] Book4
[2018.05.15-08.17.04:883][227]LogBlueprintUserMessages: [GearVR_Char_C_0] Book4
[2018.05.15-08.17.04:902][228]LogBlueprintUserMessages: [GearVR_Char_C_0] Book4
[2018.05.15-08.17.04:920][229]LogBlueprintUserMessages: [GearVR_Char_C_0] Book4
[2018.05.15-08.17.04:939][230]LogBlueprintUserMessages: [GearVR_Char_C_0] Book4
[2018.05.15-08.17.04:959][231]LogBlueprintUserMessages: [GearVR_Char_C_0] Book4
[2018.05.15-08.17.04:978][232]LogBlueprintUserMessages: [GearVR_Char_C_0] Book4
[2018.05.15-08.17.04:996][233]LogBlueprintUserMessages: [GearVR_Char_C_0] Book4
[2018.05.15-08.17.05:014][234]LogBlueprintUserMessages: [GearVR_Char_C_0] Book4
[2018.05.15-08.17.05:032][235]LogBlueprintUserMessages: [GearVR_Char_C_0] Book4
[2018.05.15-08.17.05:049][236]LogBlueprintUserMessages: [GearVR_Char_C_0] Book4
[2018.05.15-08.17.05:066][237]LogBlueprintUserMessages: [GearVR_Char_C_0] Book4
[2018.05.15-08.17.05:084][238]LogBlueprintUserMessages: [GearVR_Char_C_0] Book4
[2018.05.15-08.17.05:102][239]LogBlueprintUserMessages: [GearVR_Char_C_0] Book4
[2018.05.15-08.17.05:121][240]LogBlueprintUserMessages: [GearVR_Char_C_0] Book4
[2018.05.15-08.17.05:141][241]LogBlueprintUserMessages: [GearVR_Char_C_0] Book4
[2018.05.15-08.17.05:156][242]LogBlueprintUserMessages: [GearVR_Char_C_0] Book4
[2018.05.15-08.17.05:173][243]LogBlueprintUserMessages: [GearVR_Char_C_0] Book4
[2018.05.15-08.17.05:191][244]LogBlueprintUserMessages: [GearVR_Char_C_0] Book4
[2018.05.15-08.17.05:210][245]LogBlueprintUserMessages: [GearVR_Char_C_0] Book4
[2018.05.15-08.17.05:227][246]LogBlueprintUserMessages: [GearVR_Char_C_0] Book4
[2018.05.15-08.17.05:244][247]LogBlueprintUserMessages: [GearVR_Char_C_0] Book4
[2018.05.15-08.17.05:262][248]LogBlueprintUserMessages: [GearVR_Char_C_0] Book4
[2018.05.15-08.17.05:282][249]LogBlueprintUserMessages: [GearVR_Char_C_0] Book4
[2018.05.15-08.17.05:301][250]LogBlueprintUserMessages: [GearVR_Char_C_0] Book4
[2018.05.15-08.17.05:320][251]LogBlueprintUserMessages: [GearVR_Char_C_0] Book4
[2018.05.15-08.17.05:338][252]LogBlueprintUserMessages: [GearVR_Char_C_0] Cube120
[2018.05.15-08.17.05:356][253]LogBlueprintUserMessages: [GearVR_Char_C_0] Cube120
[2018.05.15-08.17.05:374][254]LogBlueprintUserMessages: [GearVR_Char_C_0] Cube120
[2018.05.15-08.17.05:392][255]LogBlueprintUserMessages: [GearVR_Char_C_0] Cube120
[2018.05.15-08.17.05:411][256]LogBlueprintUserMessages: [GearVR_Char_C_0] Cube120
[2018.05.15-08.17.05:430][257]LogBlueprintUserMessages: [GearVR_Char_C_0] Cube120
[2018.05.15-08.17.05:449][258]LogBlueprintUserMessages: [GearVR_Char_C_0] Cube120
[2018.05.15-08.17.05:468][259]LogBlueprintUserMessages: [GearVR_Char_C_0] Cube120
[2018.05.15-08.17.05:486][260]LogBlueprintUserMessages: [GearVR_Char_C_0] Cube120
[2018.05.15-08.17.05:506][261]LogBlueprintUserMessages: [GearVR_Char_C_0] Cube120
[2018.05.15-08.17.05:523][262]LogBlueprintUserMessages: [GearVR_Char_C_0] Cube120
[2018.05.15-08.17.05:539][263]LogBlueprintUserMessages: [GearVR_Char_C_0] Cube120
[2018.05.15-08.17.05:558][264]LogBlueprintUserMessages: [GearVR_Char_C_0] Cube120
[2018.05.15-08.17.05:574][265]LogBlueprintUserMessages: [GearVR_Char_C_0] Cube120
[2018.05.15-08.17.05:591][266]LogBlueprintUserMessages: [GearVR_Char_C_0] Cube120
[2018.05.15-08.17.05:610][267]LogBlueprintUserMessages: [GearVR_Char_C_0] Cube120
[2018.05.15-08.17.05:628][268]LogBlueprintUserMessages: [GearVR_Char_C_0] Cube120
[2018.05.15-08.17.05:645][269]LogBlueprintUserMessages: [GearVR_Char_C_0] Cube120
[2018.05.15-08.17.05:664][270]LogBlueprintUserMessages: [GearVR_Char_C_0] Cube120
[2018.05.15-08.17.05:683][271]LogBlueprintUserMessages: [GearVR_Char_C_0] Cube120
[2018.05.15-08.17.05:698][272]LogBlueprintUserMessages: [GearVR_Char_C_0] Cube120
[2018.05.15-08.17.05:716][273]LogBlueprintUserMessages: [GearVR_Char_C_0] Cube120
[2018.05.15-08.17.05:734][274]LogBlueprintUserMessages: [GearVR_Char_C_0] Cube120
[2018.05.15-08.17.05:748][275]LogBlueprintUserMessages: [GearVR_Char_C_0] Cube120
[2018.05.15-08.17.05:765][276]LogBlueprintUserMessages: [GearVR_Char_C_0] Cube120
[2018.05.15-08.17.05:781][277]LogBlueprintUserMessages: [GearVR_Char_C_0] Cube120
[2018.05.15-08.17.05:797][278]LogBlueprintUserMessages: [GearVR_Char_C_0] Cube120
[2018.05.15-08.17.05:814][279]LogBlueprintUserMessages: [GearVR_Char_C_0] Cube120
[2018.05.15-08.17.05:833][280]LogBlueprintUserMessages: [GearVR_Char_C_0] Cube120
[2018.05.15-08.17.05:848][281]LogBlueprintUserMessages: [GearVR_Char_C_0] Cube120
[2018.05.15-08.17.05:866][282]LogBlueprintUserMessages: [GearVR_Char_C_0] Cube120
[2018.05.15-08.17.05:882][283]LogBlueprintUserMessages: [GearVR_Char_C_0] Cube120
[2018.05.15-08.17.05:898][284]LogBlueprintUserMessages: [GearVR_Char_C_0] Cube120
[2018.05.15-08.17.05:916][285]LogBlueprintUserMessages: [GearVR_Char_C_0] Cube120
[2018.05.15-08.17.05:932][286]LogBlueprintUserMessages: [GearVR_Char_C_0] Cube120
[2018.05.15-08.17.05:951][287]LogBlueprintUserMessages: [GearVR_Char_C_0] Cube120
[2018.05.15-08.17.05:970][288]LogBlueprintUserMessages: [GearVR_Char_C_0] Cube120
[2018.05.15-08.17.05:990][289]LogBlueprintUserMessages: [GearVR_Char_C_0] Cube120
[2018.05.15-08.17.06:007][290]LogBlueprintUserMessages: [GearVR_Char_C_0] Cube120
[2018.05.15-08.17.06:027][291]LogBlueprintUserMessages: [GearVR_Char_C_0] Cube120
[2018.05.15-08.17.06:044][292]LogBlueprintUserMessages: [GearVR_Char_C_0] Cube120
[2018.05.15-08.17.06:061][293]LogBlueprintUserMessages: [GearVR_Char_C_0] Cube120
[2018.05.15-08.17.06:078][294]LogBlueprintUserMessages: [GearVR_Char_C_0] Cube120
[2018.05.15-08.17.06:096][295]LogBlueprintUserMessages: [GearVR_Char_C_0] Cube120
[2018.05.15-08.17.06:113][296]LogBlueprintUserMessages: [GearVR_Char_C_0] Cube120
[2018.05.15-08.17.06:132][297]LogBlueprintUserMessages: [GearVR_Char_C_0] Cube120
[2018.05.15-08.17.06:148][298]LogBlueprintUserMessages: [GearVR_Char_C_0] Cube120
[2018.05.15-08.17.06:164][299]LogBlueprintUserMessages: [GearVR_Char_C_0] Cube120
[2018.05.15-08.17.06:182][300]LogBlueprintUserMessages: [GearVR_Char_C_0] Cube120
[2018.05.15-08.17.06:200][301]LogBlueprintUserMessages: [GearVR_Char_C_0] Cube120
[2018.05.15-08.17.06:217][302]LogBlueprintUserMessages: [GearVR_Char_C_0] Cube120
[2018.05.15-08.17.06:235][303]LogBlueprintUserMessages: [GearVR_Char_C_0] Cube120
[2018.05.15-08.17.06:253][304]LogBlueprintUserMessages: [GearVR_Char_C_0] Cube120
[2018.05.15-08.17.06:270][305]LogBlueprintUserMessages: [GearVR_Char_C_0] Cube120
[2018.05.15-08.17.06:287][306]LogBlueprintUserMessages: [GearVR_Char_C_0] Cube120
[2018.05.15-08.17.06:303][307]LogBlueprintUserMessages: [GearVR_Char_C_0] Cube120
[2018.05.15-08.17.06:319][308]LogBlueprintUserMessages: [GearVR_Char_C_0] Cube120
[2018.05.15-08.17.06:336][309]LogBlueprintUserMessages: [GearVR_Char_C_0] Cube120
[2018.05.15-08.17.06:353][310]LogBlueprintUserMessages: [GearVR_Char_C_0] Cube120
[2018.05.15-08.17.06:371][311]LogBlueprintUserMessages: [GearVR_Char_C_0] Cube120
[2018.05.15-08.17.06:388][312]LogBlueprintUserMessages: [GearVR_Char_C_0] Cube120
[2018.05.15-08.17.06:404][313]LogBlueprintUserMessages: [GearVR_Char_C_0] Cube120
[2018.05.15-08.17.06:420][314]LogBlueprintUserMessages: [GearVR_Char_C_0] Cube120
[2018.05.15-08.17.06:436][315]LogBlueprintUserMessages: [GearVR_Char_C_0] Cube120
[2018.05.15-08.17.06:453][316]LogBlueprintUserMessages: [GearVR_Char_C_0] Cube120
[2018.05.15-08.17.06:469][317]LogBlueprintUserMessages: [GearVR_Char_C_0] Cube120
[2018.05.15-08.17.06:487][318]LogBlueprintUserMessages: [GearVR_Char_C_0] Cube120
[2018.05.15-08.17.06:507][319]LogBlueprintUserMessages: [GearVR_Char_C_0] Cube120
[2018.05.15-08.17.06:525][320]LogBlueprintUserMessages: [GearVR_Char_C_0] Cube120
[2018.05.15-08.17.06:542][321]LogBlueprintUserMessages: [GearVR_Char_C_0] Cube120
[2018.05.15-08.17.06:559][322]LogBlueprintUserMessages: [GearVR_Char_C_0] Cube120
[2018.05.15-08.17.06:575][323]LogBlueprintUserMessages: [GearVR_Char_C_0] Cube120
[2018.05.15-08.17.06:593][324]LogBlueprintUserMessages: [GearVR_Char_C_0] Cube120
[2018.05.15-08.17.06:612][325]LogBlueprintUserMessages: [GearVR_Char_C_0] Cube120
[2018.05.15-08.17.06:613][325]LogBlueprintUserMessages: Early EndPlayMap Detection: Level '/Game/Untitled_1_Auto3.Untitled_1_Auto3:PersistentLevel' has LevelScriptBlueprint '/Game/Untitled_1_Auto3.Untitled_1_Auto3:PersistentLevel.Untitled_1_Auto3' with GeneratedClass '/Game/Untitled_1_Auto3.Untitled_1_Auto3_C' with ClassGeneratedBy '/Game/Untitled_1_Auto3.Untitled_1_Auto3:PersistentLevel.Untitled_1_Auto3'
[2018.05.15-08.17.06:654][325]LogBlueprintUserMessages: Late EndPlayMap Detection: Level '/Game/Untitled_1_Auto3.Untitled_1_Auto3:PersistentLevel' has LevelScriptBlueprint '/Game/Untitled_1_Auto3.Untitled_1_Auto3:PersistentLevel.Untitled_1_Auto3' with GeneratedClass '/Game/Untitled_1_Auto3.Untitled_1_Auto3_C' with ClassGeneratedBy '/Game/Untitled_1_Auto3.Untitled_1_Auto3:PersistentLevel.Untitled_1_Auto3'
